2023-06-06 19:42:20.360 [info] Log level: Info
2023-06-06 19:42:20.360 [info] Validating found git in: "git"
2023-06-06 19:42:20.360 [info] Using git "2.34.1" from "git"
2023-06-06 19:42:20.360 [info] > git rev-parse --show-toplevel [192ms]
2023-06-06 19:42:20.360 [info] > git rev-parse --git-dir --git-common-dir [130ms]
2023-06-06 19:42:20.360 [info] Open repository: /home/sarahwoolsey87/Reading-Notes
2023-06-06 19:42:20.360 [info] > git rev-parse --show-toplevel [87ms]
2023-06-06 19:42:20.360 [info] > git config --get commit.template [122ms]
2023-06-06 19:42:20.687 [info] > git rev-parse --show-toplevel [342ms]
2023-06-06 19:42:20.926 [info] > git check-ignore -v -z --stdin [162ms]
2023-06-06 19:42:21.145 [info] > git ls-files --stage -- /home/sarahwoolsey87/Reading-Notes/README.md [10ms]
2023-06-06 19:42:21.154 [info] > git cat-file -s 75dd9faaffd79e4484d3be8dfeb3cf448359bf5e [2ms]
2023-06-06 19:42:21.166 [info] > git show --textconv :README.md [36ms]
2023-06-06 19:42:21.189 [info] > git for-each-ref --format=%(refname)%00%(upstream:short)%00%(objectname)%00%(upstream:track)%00%(upstream:remotename)%00%(upstream:remoteref) refs/heads/main refs/remotes/main [492ms]
2023-06-06 19:42:21.203 [info] > git status -z -uall [9ms]
2023-06-06 19:42:21.233 [info] > git config --get commit.template [11ms]
2023-06-06 19:42:21.239 [info] > git for-each-ref --format=%(refname)%00%(upstream:short)%00%(objectname)%00%(upstream:track)%00%(upstream:remotename)%00%(upstream:remoteref) refs/heads/main refs/remotes/main [9ms]
2023-06-06 19:42:21.255 [info] > git status -z -uall [3ms]
2023-06-06 19:43:51.337 [info] > git check-ignore -v -z --stdin [1ms]
2023-06-06 19:54:52.418 [info] > git config --local branch.main.github-pr-owner-number [7ms]
2023-06-06 19:54:52.485 [info] > git config --get commit.template [45ms]
2023-06-06 19:54:52.491 [info] > git for-each-ref --format=%(refname)%00%(upstream:short)%00%(objectname)%00%(upstream:track)%00%(upstream:remotename)%00%(upstream:remoteref) refs/heads/main refs/remotes/main [30ms]
2023-06-06 19:54:52.509 [info] > git status -z -uall [3ms]
2023-06-06 19:59:52.325 [info] > git config --local branch.main.github-pr-owner-number [2ms]
2023-06-06 19:59:52.337 [info] > git config --get commit.template [1ms]
2023-06-06 19:59:52.351 [info] > git for-each-ref --format=%(refname)%00%(upstream:short)%00%(objectname)%00%(upstream:track)%00%(upstream:remotename)%00%(upstream:remoteref) refs/heads/main refs/remotes/main [2ms]
2023-06-06 19:59:52.368 [info] > git status -z -uall [2ms]
2023-06-06 20:01:09.664 [info] > git config --get commit.template [7ms]
2023-06-06 20:01:09.665 [info] > git for-each-ref --format=%(refname)%00%(upstream:short)%00%(objectname)%00%(upstream:track)%00%(upstream:remotename)%00%(upstream:remoteref) refs/heads/main refs/remotes/main [2ms]
2023-06-06 20:01:09.674 [info] > git status -z -uall [3ms]
2023-06-06 20:01:09.697 [info] > git check-ignore -v -z --stdin [2ms]
2023-06-06 20:01:14.697 [info] > git config --get commit.template [6ms]
2023-06-06 20:01:14.698 [info] > git for-each-ref --format=%(refname)%00%(upstream:short)%00%(objectname)%00%(upstream:track)%00%(upstream:remotename)%00%(upstream:remoteref) refs/heads/main refs/remotes/main [2ms]
2023-06-06 20:01:14.705 [info] > git status -z -uall [1ms]
2023-06-06 20:01:37.117 [info] > git check-ignore -v -z --stdin [1ms]
2023-06-06 20:01:37.667 [info] > git config --get commit.template [7ms]
2023-06-06 20:01:37.668 [info] > git for-each-ref --format=%(refname)%00%(upstream:short)%00%(objectname)%00%(upstream:track)%00%(upstream:remotename)%00%(upstream:remoteref) refs/heads/main refs/remotes/main [3ms]
2023-06-06 20:01:37.675 [info] > git status -z -uall [3ms]
2023-06-06 20:02:08.556 [info] > git ls-files --stage -- /home/sarahwoolsey87/Reading-Notes/102/Class 01 [2ms]
2023-06-06 20:02:08.589 [info] > git cat-file -s e69de29bb2d1d6434b8b29ae775ad8c2e48c5391 [18ms]
2023-06-06 20:02:08.590 [info] > git show --textconv :102/Class 01 [53ms]
2023-06-06 20:02:50.765 [info] > git check-ignore -v -z --stdin [2ms]
2023-06-06 20:02:59.519 [info] > git check-ignore -v -z --stdin [2ms]
2023-06-06 20:03:14.695 [info] > git config --get commit.template [9ms]
2023-06-06 20:03:14.695 [info] > git for-each-ref --format=%(refname)%00%(upstream:short)%00%(objectname)%00%(upstream:track)%00%(upstream:remotename)%00%(upstream:remoteref) refs/heads/main refs/remotes/main [3ms]
2023-06-06 20:03:14.703 [info] > git status -z -uall [2ms]
2023-06-06 20:03:20.317 [info] > git check-ignore -v -z --stdin [2ms]
2023-06-06 20:03:20.857 [info] > git config --get commit.template [7ms]
2023-06-06 20:03:20.857 [info] > git for-each-ref --format=%(refname)%00%(upstream:short)%00%(objectname)%00%(upstream:track)%00%(upstream:remotename)%00%(upstream:remoteref) refs/heads/main refs/remotes/main [1ms]
2023-06-06 20:03:20.867 [info] > git status -z -uall [2ms]
2023-06-06 20:03:45.027 [info] > git show --textconv :Reading-Notes/README.md [8ms]
2023-06-06 20:03:45.030 [info] > git ls-files --stage -- /home/sarahwoolsey87/Reading-Notes/Reading-Notes/README.md [5ms]
2023-06-06 20:03:49.503 [info] > git check-ignore -v -z --stdin [2ms]
2023-06-06 20:03:51.699 [info] > git check-ignore -v -z --stdin [1ms]
2023-06-06 20:04:11.072 [info] > git config --get commit.template [8ms]
2023-06-06 20:04:11.072 [info] > git for-each-ref --format=%(refname)%00%(upstream:short)%00%(objectname)%00%(upstream:track)%00%(upstream:remotename)%00%(upstream:remoteref) refs/heads/main refs/remotes/main [2ms]
2023-06-06 20:04:11.079 [info] > git status -z -uall [2ms]
2023-06-06 20:04:32.555 [info] > git for-each-ref --format=%(refname)%00%(upstream:short)%00%(objectname)%00%(upstream:track)%00%(upstream:remotename)%00%(upstream:remoteref) refs/heads/main refs/remotes/main [2ms]
2023-06-06 20:04:32.555 [info] > git config --get commit.template [12ms]
2023-06-06 20:04:32.562 [info] > git status -z -uall [2ms]
2023-06-06 20:04:32.622 [info] > git check-ignore -v -z --stdin [3ms]
2023-06-06 20:04:50.030 [info] > git config --get commit.template [10ms]
2023-06-06 20:04:50.031 [info] > git for-each-ref --format=%(refname)%00%(upstream:short)%00%(objectname)%00%(upstream:track)%00%(upstream:remotename)%00%(upstream:remoteref) refs/heads/main refs/remotes/main [3ms]
2023-06-06 20:04:50.039 [info] > git status -z -uall [1ms]
2023-06-06 20:04:52.380 [info] > git config --local branch.main.github-pr-owner-number [2ms]
2023-06-06 20:04:52.388 [info] > git config --get commit.template [1ms]
2023-06-06 20:04:52.395 [info] > git for-each-ref --format=%(refname)%00%(upstream:short)%00%(objectname)%00%(upstream:track)%00%(upstream:remotename)%00%(upstream:remoteref) refs/heads/main refs/remotes/main [2ms]
2023-06-06 20:04:52.403 [info] > git status -z -uall [2ms]
2023-06-06 20:04:54.671 [info] > git show --textconv :Reading-Notes/201/Class 15 [9ms]
2023-06-06 20:04:54.674 [info] > git ls-files --stage -- /home/sarahwoolsey87/Reading-Notes/Reading-Notes/201/Class 15 [3ms]
2023-06-06 20:05:00.635 [info] > git config --get commit.template [10ms]
2023-06-06 20:05:00.638 [info] > git for-each-ref --format=%(refname)%00%(upstream:short)%00%(objectname)%00%(upstream:track)%00%(upstream:remotename)%00%(upstream:remoteref) refs/heads/main refs/remotes/main [3ms]
2023-06-06 20:05:00.648 [info] > git status -z -uall [3ms]
2023-06-06 20:05:03.843 [info] > git show --textconv :102/Ubuntu-Git (Local-Remote) Text Editor & Commands (1).md [8ms]
2023-06-06 20:05:03.845 [info] > git ls-files --stage -- /home/sarahwoolsey87/Reading-Notes/102/Ubuntu-Git (Local-Remote) Text Editor & Commands (1).md [5ms]
2023-06-06 20:05:40.871 [info] > git config --get commit.template [16ms]
2023-06-06 20:05:40.872 [info] > git for-each-ref --format=%(refname)%00%(upstream:short)%00%(objectname)%00%(upstream:track)%00%(upstream:remotename)%00%(upstream:remoteref) refs/heads/main refs/remotes/main [3ms]
2023-06-06 20:05:40.884 [info] > git status -z -uall [1ms]
2023-06-06 20:05:42.853 [info] > git show --textconv :Reading-Notes/102/Markdown_ 5th June 2023.md [8ms]
2023-06-06 20:05:42.856 [info] > git ls-files --stage -- /home/sarahwoolsey87/Reading-Notes/Reading-Notes/102/Markdown_ 5th June 2023.md [4ms]
2023-06-06 20:05:51.344 [info] > git show --textconv :Reading-Notes/102/Class 01 [9ms]
2023-06-06 20:05:51.347 [info] > git ls-files --stage -- /home/sarahwoolsey87/Reading-Notes/Reading-Notes/102/Class 01 [5ms]
2023-06-06 20:06:08.433 [info] > git config --get commit.template [13ms]
2023-06-06 20:06:08.437 [info] > git for-each-ref --format=%(refname)%00%(upstream:short)%00%(objectname)%00%(upstream:track)%00%(upstream:remotename)%00%(upstream:remoteref) refs/heads/main refs/remotes/main [5ms]
2023-06-06 20:06:08.446 [info] > git status -z -uall [2ms]
2023-06-06 20:08:02.759 [info] > git config --get commit.template [9ms]
2023-06-06 20:08:02.761 [info] > git for-each-ref --format=%(refname)%00%(upstream:short)%00%(objectname)%00%(upstream:track)%00%(upstream:remotename)%00%(upstream:remoteref) refs/heads/main refs/remotes/main [4ms]
2023-06-06 20:08:02.770 [info] > git status -z -uall [3ms]
2023-06-06 20:09:52.420 [info] > git config --local branch.main.github-pr-owner-number [2ms]
2023-06-06 20:09:52.435 [info] > git config --get commit.template [8ms]
2023-06-06 20:09:52.436 [info] > git for-each-ref --format=%(refname)%00%(upstream:short)%00%(objectname)%00%(upstream:track)%00%(upstream:remotename)%00%(upstream:remoteref) refs/heads/main refs/remotes/main [2ms]
2023-06-06 20:09:52.447 [info] > git status -z -uall [1ms]
2023-06-06 20:14:52.470 [info] > git config --local branch.main.github-pr-owner-number [2ms]
2023-06-06 20:14:52.489 [info] > git config --get commit.template [2ms]
2023-06-06 20:14:52.506 [info] > git for-each-ref --format=%(refname)%00%(upstream:short)%00%(objectname)%00%(upstream:track)%00%(upstream:remotename)%00%(upstream:remoteref) refs/heads/main refs/remotes/main [2ms]
2023-06-06 20:14:52.524 [info] > git status -z -uall [2ms]
2023-06-06 20:15:31.713 [info] > git config --get commit.template [18ms]
2023-06-06 20:15:31.713 [info] > git for-each-ref --format=%(refname)%00%(upstream:short)%00%(objectname)%00%(upstream:track)%00%(upstream:remotename)%00%(upstream:remoteref) refs/heads/main refs/remotes/main [2ms]
2023-06-06 20:15:31.730 [info] > git status -z -uall [2ms]
2023-06-06 20:17:13.646 [info] > git config --get commit.template [9ms]
2023-06-06 20:17:13.647 [info] > git for-each-ref --format=%(refname)%00%(upstream:short)%00%(objectname)%00%(upstream:track)%00%(upstream:remotename)%00%(upstream:remoteref) refs/heads/main refs/remotes/main [2ms]
2023-06-06 20:17:13.655 [info] > git status -z -uall [3ms]
2023-06-06 20:17:26.204 [info] > git show --textconv :201/Class 01 [7ms]
2023-06-06 20:17:26.206 [info] > git ls-files --stage -- /home/sarahwoolsey87/Reading-Notes/201/Class 01 [3ms]
2023-06-06 20:17:26.213 [info] > git cat-file -s e69de29bb2d1d6434b8b29ae775ad8c2e48c5391 [2ms]
2023-06-06 20:17:26.878 [info] > git config --get commit.template [7ms]
2023-06-06 20:17:26.879 [info] > git for-each-ref --format=%(refname)%00%(upstream:short)%00%(objectname)%00%(upstream:track)%00%(upstream:remotename)%00%(upstream:remoteref) refs/heads/main refs/remotes/main [2ms]
2023-06-06 20:17:26.888 [info] > git status -z -uall [3ms]
2023-06-06 20:17:39.304 [info] > git show --textconv :201/Class 02 [7ms]
2023-06-06 20:17:39.306 [info] > git ls-files --stage -- /home/sarahwoolsey87/Reading-Notes/201/Class 02 [3ms]
2023-06-06 20:17:39.321 [info] > git cat-file -s e69de29bb2d1d6434b8b29ae775ad8c2e48c5391 [2ms]
2023-06-06 20:17:40.005 [info] > git config --get commit.template [18ms]
2023-06-06 20:17:40.005 [info] > git for-each-ref --format=%(refname)%00%(upstream:short)%00%(objectname)%00%(upstream:track)%00%(upstream:remotename)%00%(upstream:remoteref) refs/heads/main refs/remotes/main [2ms]
2023-06-06 20:17:40.030 [info] > git status -z -uall [3ms]
2023-06-06 20:17:47.086 [info] > git show --textconv :201/Class 03 [7ms]
2023-06-06 20:17:47.088 [info] > git ls-files --stage -- /home/sarahwoolsey87/Reading-Notes/201/Class 03 [3ms]
2023-06-06 20:17:47.095 [info] > git cat-file -s e69de29bb2d1d6434b8b29ae775ad8c2e48c5391 [2ms]
2023-06-06 20:17:47.752 [info] > git config --get commit.template [3ms]
2023-06-06 20:17:47.761 [info] > git for-each-ref --format=%(refname)%00%(upstream:short)%00%(objectname)%00%(upstream:track)%00%(upstream:remotename)%00%(upstream:remoteref) refs/heads/main refs/remotes/main [2ms]
2023-06-06 20:17:47.768 [info] > git status -z -uall [2ms]
2023-06-06 20:19:30.577 [info] > git show --textconv :201/Class 04 [8ms]
2023-06-06 20:19:30.580 [info] > git ls-files --stage -- /home/sarahwoolsey87/Reading-Notes/201/Class 04 [3ms]
2023-06-06 20:19:30.587 [info] > git cat-file -s e69de29bb2d1d6434b8b29ae775ad8c2e48c5391 [2ms]
2023-06-06 20:19:31.239 [info] > git config --get commit.template [7ms]
2023-06-06 20:19:31.240 [info] > git for-each-ref --format=%(refname)%00%(upstream:short)%00%(objectname)%00%(upstream:track)%00%(upstream:remotename)%00%(upstream:remoteref) refs/heads/main refs/remotes/main [2ms]
2023-06-06 20:19:31.247 [info] > git status -z -uall [2ms]
2023-06-06 20:19:36.764 [info] > git show --textconv :201/Class 05 [7ms]
2023-06-06 20:19:36.766 [info] > git ls-files --stage -- /home/sarahwoolsey87/Reading-Notes/201/Class 05 [3ms]
2023-06-06 20:19:36.784 [info] > git cat-file -s e69de29bb2d1d6434b8b29ae775ad8c2e48c5391 [2ms]
2023-06-06 20:19:37.454 [info] > git config --get commit.template [3ms]
2023-06-06 20:19:37.462 [info] > git for-each-ref --format=%(refname)%00%(upstream:short)%00%(objectname)%00%(upstream:track)%00%(upstream:remotename)%00%(upstream:remoteref) refs/heads/main refs/remotes/main [2ms]
2023-06-06 20:19:37.469 [info] > git status -z -uall [2ms]
2023-06-06 20:19:45.270 [info] > git show --textconv :201/Class 06 [6ms]
2023-06-06 20:19:45.272 [info] > git ls-files --stage -- /home/sarahwoolsey87/Reading-Notes/201/Class 06 [3ms]
2023-06-06 20:19:45.280 [info] > git cat-file -s e69de29bb2d1d6434b8b29ae775ad8c2e48c5391 [2ms]
2023-06-06 20:19:45.930 [info] > git config --get commit.template [8ms]
2023-06-06 20:19:45.931 [info] > git for-each-ref --format=%(refname)%00%(upstream:short)%00%(objectname)%00%(upstream:track)%00%(upstream:remotename)%00%(upstream:remoteref) refs/heads/main refs/remotes/main [2ms]
2023-06-06 20:19:45.939 [info] > git status -z -uall [2ms]
2023-06-06 20:19:52.539 [info] > git config --local branch.main.github-pr-owner-number [2ms]
2023-06-06 20:19:52.556 [info] > git config --get commit.template [11ms]
2023-06-06 20:19:52.557 [info] > git for-each-ref --format=%(refname)%00%(upstream:short)%00%(objectname)%00%(upstream:track)%00%(upstream:remotename)%00%(upstream:remoteref) refs/heads/main refs/remotes/main [1ms]
2023-06-06 20:19:52.579 [info] > git status -z -uall [2ms]
2023-06-06 20:20:11.634 [info] > git show --textconv :201/Class 07 [7ms]
2023-06-06 20:20:11.636 [info] > git ls-files --stage -- /home/sarahwoolsey87/Reading-Notes/201/Class 07 [4ms]
2023-06-06 20:20:11.643 [info] > git cat-file -s e69de29bb2d1d6434b8b29ae775ad8c2e48c5391 [2ms]
2023-06-06 20:20:12.308 [info] > git config --get commit.template [8ms]
2023-06-06 20:20:12.308 [info] > git for-each-ref --format=%(refname)%00%(upstream:short)%00%(objectname)%00%(upstream:track)%00%(upstream:remotename)%00%(upstream:remoteref) refs/heads/main refs/remotes/main [1ms]
2023-06-06 20:20:12.317 [info] > git status -z -uall [2ms]
2023-06-06 20:20:26.367 [info] > git show --textconv :201/Class 08 [8ms]
2023-06-06 20:20:26.369 [info] > git ls-files --stage -- /home/sarahwoolsey87/Reading-Notes/201/Class 08 [3ms]
2023-06-06 20:20:26.379 [info] > git cat-file -s e69de29bb2d1d6434b8b29ae775ad8c2e48c5391 [3ms]
2023-06-06 20:20:27.026 [info] > git config --get commit.template [9ms]
2023-06-06 20:20:27.027 [info] > git for-each-ref --format=%(refname)%00%(upstream:short)%00%(objectname)%00%(upstream:track)%00%(upstream:remotename)%00%(upstream:remoteref) refs/heads/main refs/remotes/main [3ms]
2023-06-06 20:20:27.035 [info] > git status -z -uall [2ms]
2023-06-06 20:20:32.446 [info] > git show --textconv :201/Class 09 [6ms]
2023-06-06 20:20:32.450 [info] > git ls-files --stage -- /home/sarahwoolsey87/Reading-Notes/201/Class 09 [5ms]
2023-06-06 20:20:32.457 [info] > git cat-file -s e69de29bb2d1d6434b8b29ae775ad8c2e48c5391 [1ms]
2023-06-06 20:20:33.141 [info] > git config --get commit.template [9ms]
2023-06-06 20:20:33.141 [info] > git for-each-ref --format=%(refname)%00%(upstream:short)%00%(objectname)%00%(upstream:track)%00%(upstream:remotename)%00%(upstream:remoteref) refs/heads/main refs/remotes/main [3ms]
2023-06-06 20:20:33.150 [info] > git status -z -uall [1ms]
2023-06-06 20:20:51.424 [info] > git show --textconv :201/Class 10 [8ms]
2023-06-06 20:20:51.426 [info] > git ls-files --stage -- /home/sarahwoolsey87/Reading-Notes/201/Class 10 [2ms]
2023-06-06 20:20:51.433 [info] > git cat-file -s e69de29bb2d1d6434b8b29ae775ad8c2e48c5391 [1ms]
2023-06-06 20:20:52.084 [info] > git config --get commit.template [8ms]
2023-06-06 20:20:52.084 [info] > git for-each-ref --format=%(refname)%00%(upstream:short)%00%(objectname)%00%(upstream:track)%00%(upstream:remotename)%00%(upstream:remoteref) refs/heads/main refs/remotes/main [1ms]
2023-06-06 20:20:52.096 [info] > git status -z -uall [3ms]
2023-06-06 20:20:57.528 [info] > git show --textconv :201/Class 11 [8ms]
2023-06-06 20:20:57.531 [info] > git ls-files --stage -- /home/sarahwoolsey87/Reading-Notes/201/Class 11 [4ms]
2023-06-06 20:20:57.539 [info] > git cat-file -s e69de29bb2d1d6434b8b29ae775ad8c2e48c5391 [2ms]
2023-06-06 20:20:58.201 [info] > git for-each-ref --format=%(refname)%00%(upstream:short)%00%(objectname)%00%(upstream:track)%00%(upstream:remotename)%00%(upstream:remoteref) refs/heads/main refs/remotes/main [3ms]
2023-06-06 20:20:58.201 [info] > git config --get commit.template [10ms]
2023-06-06 20:20:58.210 [info] > git status -z -uall [3ms]
2023-06-06 20:21:08.623 [info] > git show --textconv :Class 11/Class 11 [7ms]
2023-06-06 20:21:08.626 [info] > git ls-files --stage -- /home/sarahwoolsey87/Reading-Notes/Class 11/Class 11 [3ms]
2023-06-06 20:21:08.772 [info] > git check-ignore -v -z --stdin [1ms]
2023-06-06 20:21:09.344 [info] > git config --get commit.template [8ms]
2023-06-06 20:21:09.345 [info] > git for-each-ref --format=%(refname)%00%(upstream:short)%00%(objectname)%00%(upstream:track)%00%(upstream:remotename)%00%(upstream:remoteref) refs/heads/main refs/remotes/main [2ms]
2023-06-06 20:21:09.354 [info] > git status -z -uall [2ms]
2023-06-06 20:21:19.757 [info] > git show --textconv :201/Class 11 [29ms]
2023-06-06 20:21:19.759 [info] > git ls-files --stage -- /home/sarahwoolsey87/Reading-Notes/201/Class 11 [4ms]
2023-06-06 20:21:19.774 [info] > git cat-file -s e69de29bb2d1d6434b8b29ae775ad8c2e48c5391 [2ms]
2023-06-06 20:21:20.507 [info] > git config --get commit.template [9ms]
2023-06-06 20:21:20.509 [info] > git for-each-ref --format=%(refname)%00%(upstream:short)%00%(objectname)%00%(upstream:track)%00%(upstream:remotename)%00%(upstream:remoteref) refs/heads/main refs/remotes/main [2ms]
2023-06-06 20:21:20.516 [info] > git status -z -uall [2ms]
2023-06-06 20:21:53.008 [info] > git show --textconv :201/Class 12 [8ms]
2023-06-06 20:21:53.010 [info] > git ls-files --stage -- /home/sarahwoolsey87/Reading-Notes/201/Class 12 [3ms]
2023-06-06 20:21:53.019 [info] > git cat-file -s e69de29bb2d1d6434b8b29ae775ad8c2e48c5391 [3ms]
2023-06-06 20:21:53.768 [info] > git config --get commit.template [9ms]
2023-06-06 20:21:53.769 [info] > git for-each-ref --format=%(refname)%00%(upstream:short)%00%(objectname)%00%(upstream:track)%00%(upstream:remotename)%00%(upstream:remoteref) refs/heads/main refs/remotes/main [3ms]
2023-06-06 20:21:53.778 [info] > git status -z -uall [2ms]
2023-06-06 20:22:02.736 [info] > git show --textconv :201/Class 13 [7ms]
2023-06-06 20:22:02.740 [info] > git ls-files --stage -- /home/sarahwoolsey87/Reading-Notes/201/Class 13 [4ms]
2023-06-06 20:22:02.748 [info] > git cat-file -s e69de29bb2d1d6434b8b29ae775ad8c2e48c5391 [1ms]
2023-06-06 20:22:03.478 [info] > git config --get commit.template [8ms]
2023-06-06 20:22:03.478 [info] > git for-each-ref --format=%(refname)%00%(upstream:short)%00%(objectname)%00%(upstream:track)%00%(upstream:remotename)%00%(upstream:remoteref) refs/heads/main refs/remotes/main [1ms]
2023-06-06 20:22:03.487 [info] > git status -z -uall [2ms]
2023-06-06 20:22:09.297 [info] > git show --textconv :201/Class 14 [10ms]
2023-06-06 20:22:09.299 [info] > git ls-files --stage -- /home/sarahwoolsey87/Reading-Notes/201/Class 14 [3ms]
2023-06-06 20:22:09.306 [info] > git cat-file -s e69de29bb2d1d6434b8b29ae775ad8c2e48c5391 [2ms]
2023-06-06 20:22:09.980 [info] > git config --get commit.template [14ms]
2023-06-06 20:22:09.980 [info] > git for-each-ref --format=%(refname)%00%(upstream:short)%00%(objectname)%00%(upstream:track)%00%(upstream:remotename)%00%(upstream:remoteref) refs/heads/main refs/remotes/main [1ms]
2023-06-06 20:22:10.004 [info] > git status -z -uall [2ms]
2023-06-06 20:22:11.479 [info] > git show --textconv :102/Introduction.md [12ms]
2023-06-06 20:22:11.482 [info] > git ls-files --stage -- /home/sarahwoolsey87/Reading-Notes/102/Introduction.md [7ms]
2023-06-06 20:22:29.732 [info] > git show --textconv :201/Class 15 [7ms]
2023-06-06 20:22:29.734 [info] > git ls-files --stage -- /home/sarahwoolsey87/Reading-Notes/201/Class 15 [3ms]
2023-06-06 20:22:29.742 [info] > git cat-file -s e69de29bb2d1d6434b8b29ae775ad8c2e48c5391 [2ms]
2023-06-06 20:22:30.400 [info] > git config --get commit.template [2ms]
2023-06-06 20:22:30.407 [info] > git for-each-ref --format=%(refname)%00%(upstream:short)%00%(objectname)%00%(upstream:track)%00%(upstream:remotename)%00%(upstream:remoteref) refs/heads/main refs/remotes/main [2ms]
2023-06-06 20:22:30.417 [info] > git status -z -uall [2ms]
2023-06-06 20:24:52.591 [info] > git config --local branch.main.github-pr-owner-number [1ms]
2023-06-06 20:24:52.600 [info] > git config --get commit.template [2ms]
2023-06-06 20:24:52.606 [info] > git for-each-ref --format=%(refname)%00%(upstream:short)%00%(objectname)%00%(upstream:track)%00%(upstream:remotename)%00%(upstream:remoteref) refs/heads/main refs/remotes/main [1ms]
2023-06-06 20:24:52.614 [info] > git status -z -uall [2ms]
2023-06-06 20:25:37.920 [info] > git config --get commit.template [9ms]
2023-06-06 20:25:37.920 [info] > git for-each-ref --format=%(refname)%00%(upstream:short)%00%(objectname)%00%(upstream:track)%00%(upstream:remotename)%00%(upstream:remoteref) refs/heads/main refs/remotes/main [2ms]
2023-06-06 20:25:37.929 [info] > git status -z -uall [2ms]
2023-06-06 20:25:50.096 [info] > git show --textconv :102/Markdown_ 5th June 2023.md [9ms]
2023-06-06 20:25:50.099 [info] > git ls-files --stage -- /home/sarahwoolsey87/Reading-Notes/102/Markdown_ 5th June 2023.md [4ms]
2023-06-06 20:25:50.109 [info] > git cat-file -s c4a8278d3f9117fa4982eb45c3976a2cdcad28f5 [2ms]
2023-06-06 20:26:05.607 [info] > git show --textconv :102/Class 01 Markdown_ 5th June 2023.md [10ms]
2023-06-06 20:26:05.611 [info] > git ls-files --stage -- /home/sarahwoolsey87/Reading-Notes/102/Class 01 Markdown_ 5th June 2023.md [6ms]
2023-06-06 20:26:05.829 [info] > git check-ignore -v -z --stdin [1ms]
2023-06-06 20:26:06.396 [info] > git config --get commit.template [12ms]
2023-06-06 20:26:06.397 [info] > git for-each-ref --format=%(refname)%00%(upstream:short)%00%(objectname)%00%(upstream:track)%00%(upstream:remotename)%00%(upstream:remoteref) refs/heads/main refs/remotes/main [2ms]
2023-06-06 20:26:06.410 [info] > git status -z -uall [3ms]
2023-06-06 20:26:23.817 [info] > git check-ignore -v -z --stdin [1ms]
2023-06-06 20:29:52.628 [info] > git config --local branch.main.github-pr-owner-number [1ms]
2023-06-06 20:29:52.637 [info] > git config --get commit.template [2ms]
2023-06-06 20:29:52.645 [info] > git for-each-ref --format=%(refname)%00%(upstream:short)%00%(objectname)%00%(upstream:track)%00%(upstream:remotename)%00%(upstream:remoteref) refs/heads/main refs/remotes/main [1ms]
2023-06-06 20:29:52.653 [info] > git status -z -uall [2ms]
2023-06-06 20:31:48.599 [info] > git show --textconv :102/Introduction.md [10ms]
2023-06-06 20:31:48.601 [info] > git ls-files --stage -- /home/sarahwoolsey87/Reading-Notes/102/Introduction.md [3ms]
2023-06-06 20:32:26.224 [info] > git check-ignore -v -z --stdin [3ms]
2023-06-06 20:32:26.735 [info] > git config --get commit.template [3ms]
2023-06-06 20:32:26.744 [info] > git for-each-ref --format=%(refname)%00%(upstream:short)%00%(objectname)%00%(upstream:track)%00%(upstream:remotename)%00%(upstream:remoteref) refs/heads/main refs/remotes/main [2ms]
2023-06-06 20:32:26.752 [info] > git status -z -uall [2ms]
2023-06-06 20:32:28.568 [info] > git show --textconv :102/Class 04 [8ms]
2023-06-06 20:32:28.570 [info] > git ls-files --stage -- /home/sarahwoolsey87/Reading-Notes/102/Class 04 [3ms]
2023-06-06 20:32:28.578 [info] > git cat-file -s e69de29bb2d1d6434b8b29ae775ad8c2e48c5391 [1ms]
2023-06-06 20:32:29.948 [info] > git show --textconv :102/Class 02 Markdown_ 5th June 2023.md [10ms]
2023-06-06 20:32:29.950 [info] > git ls-files --stage -- /home/sarahwoolsey87/Reading-Notes/102/Class 02 Markdown_ 5th June 2023.md [4ms]
2023-06-06 20:32:31.147 [info] > git show --textconv :102/Class 02 [7ms]
2023-06-06 20:32:31.149 [info] > git ls-files --stage -- /home/sarahwoolsey87/Reading-Notes/102/Class 02 [3ms]
2023-06-06 20:32:31.198 [info] > git cat-file -s e69de29bb2d1d6434b8b29ae775ad8c2e48c5391 [4ms]
2023-06-06 20:33:03.533 [info] > git show --textconv :102/Class 08 [9ms]
2023-06-06 20:33:03.534 [info] > git ls-files --stage -- /home/sarahwoolsey87/Reading-Notes/102/Class 08 [3ms]
2023-06-06 20:33:03.545 [info] > git cat-file -s e69de29bb2d1d6434b8b29ae775ad8c2e48c5391 [4ms]
2023-06-06 20:33:04.222 [info] > git show --textconv :102/Introduction.md [11ms]
2023-06-06 20:33:04.224 [info] > git ls-files --stage -- /home/sarahwoolsey87/Reading-Notes/102/Introduction.md [3ms]
2023-06-06 20:33:26.486 [info] > git show --textconv :102/Revisions & The CloudExample Module.md [10ms]
2023-06-06 20:33:26.488 [info] > git ls-files --stage -- /home/sarahwoolsey87/Reading-Notes/102/Revisions & The CloudExample Module.md [3ms]
2023-06-06 20:33:26.605 [info] > git check-ignore -v -z --stdin [1ms]
2023-06-06 20:33:27.120 [info] > git config --get commit.template [8ms]
2023-06-06 20:33:27.121 [info] > git for-each-ref --format=%(refname)%00%(upstream:short)%00%(objectname)%00%(upstream:track)%00%(upstream:remotename)%00%(upstream:remoteref) refs/heads/main refs/remotes/main [2ms]
2023-06-06 20:33:27.130 [info] > git status -z -uall [2ms]
2023-06-06 20:33:37.903 [info] > git config --get commit.template [15ms]
2023-06-06 20:33:37.904 [info] > git for-each-ref --format=%(refname)%00%(upstream:short)%00%(objectname)%00%(upstream:track)%00%(upstream:remotename)%00%(upstream:remoteref) refs/heads/main refs/remotes/main [3ms]
2023-06-06 20:33:37.947 [info] > git status -z -uall [5ms]
2023-06-06 20:34:00.583 [info] > git show --textconv :102/Class 03 Revisions & The CloudExample Module.md [7ms]
2023-06-06 20:34:00.587 [info] > git ls-files --stage -- /home/sarahwoolsey87/Reading-Notes/102/Class 03 Revisions & The CloudExample Module.md [5ms]
2023-06-06 20:34:00.708 [info] > git show --textconv :102/Class 03 [10ms]
2023-06-06 20:34:00.711 [info] > git ls-files --stage -- /home/sarahwoolsey87/Reading-Notes/102/Class 03 [5ms]
2023-06-06 20:34:00.723 [info] > git cat-file -s e69de29bb2d1d6434b8b29ae775ad8c2e48c5391 [4ms]
2023-06-06 20:34:00.822 [info] > git check-ignore -v -z --stdin [1ms]
2023-06-06 20:34:01.340 [info] > git config --get commit.template [8ms]
2023-06-06 20:34:01.341 [info] > git for-each-ref --format=%(refname)%00%(upstream:short)%00%(objectname)%00%(upstream:track)%00%(upstream:remotename)%00%(upstream:remoteref) refs/heads/main refs/remotes/main [2ms]
2023-06-06 20:34:01.348 [info] > git status -z -uall [1ms]
2023-06-06 20:34:09.772 [info] > git config --get commit.template [12ms]
2023-06-06 20:34:09.774 [info] > git for-each-ref --format=%(refname)%00%(upstream:short)%00%(objectname)%00%(upstream:track)%00%(upstream:remotename)%00%(upstream:remoteref) refs/heads/main refs/remotes/main [5ms]
2023-06-06 20:34:09.789 [info] > git status -z -uall [6ms]
2023-06-06 20:34:52.668 [info] > git config --local branch.main.github-pr-owner-number [2ms]
2023-06-06 20:34:52.682 [info] > git config --get commit.template [7ms]
2023-06-06 20:34:52.684 [info] > git for-each-ref --format=%(refname)%00%(upstream:short)%00%(objectname)%00%(upstream:track)%00%(upstream:remotename)%00%(upstream:remoteref) refs/heads/main refs/remotes/main [2ms]
2023-06-06 20:34:52.691 [info] > git status -z -uall [2ms]
2023-06-06 20:35:34.314 [info] > git show --textconv :102/Class 05 [9ms]
2023-06-06 20:35:34.316 [info] > git ls-files --stage -- /home/sarahwoolsey87/Reading-Notes/102/Class 05 [4ms]
2023-06-06 20:35:34.324 [info] > git cat-file -s e69de29bb2d1d6434b8b29ae775ad8c2e48c5391 [2ms]
2023-06-06 20:35:34.380 [info] > git check-ignore -v -z --stdin [2ms]
2023-06-06 20:35:34.898 [info] > git config --get commit.template [2ms]
2023-06-06 20:35:34.907 [info] > git for-each-ref --format=%(refname)%00%(upstream:short)%00%(objectname)%00%(upstream:track)%00%(upstream:remotename)%00%(upstream:remoteref) refs/heads/main refs/remotes/main [2ms]
2023-06-06 20:35:34.915 [info] > git status -z -uall [2ms]
2023-06-06 20:35:35.733 [info] > git show --textconv :102/Class 03 Markdown_ 5th June 2023.md [7ms]
2023-06-06 20:35:35.735 [info] > git ls-files --stage -- /home/sarahwoolsey87/Reading-Notes/102/Class 03 Markdown_ 5th June 2023.md [3ms]
2023-06-06 20:36:20.447 [info] > git show --textconv :102/Ubuntu-Git (Local-Remote) Text Editor & Commands (1).md [7ms]
2023-06-06 20:36:20.450 [info] > git ls-files --stage -- /home/sarahwoolsey87/Reading-Notes/102/Ubuntu-Git (Local-Remote) Text Editor & Commands (1).md [3ms]
2023-06-06 20:36:30.509 [info] > git show --textconv :102/Class 03 Ubuntu-Git (Local-Remote) Text Editor & Commands (1).md [11ms]
2023-06-06 20:36:30.511 [info] > git ls-files --stage -- /home/sarahwoolsey87/Reading-Notes/102/Class 03 Ubuntu-Git (Local-Remote) Text Editor & Commands (1).md [4ms]
2023-06-06 20:36:30.754 [info] > git check-ignore -v -z --stdin [2ms]
2023-06-06 20:36:31.277 [info] > git config --get commit.template [8ms]
2023-06-06 20:36:31.279 [info] > git for-each-ref --format=%(refname)%00%(upstream:short)%00%(objectname)%00%(upstream:track)%00%(upstream:remotename)%00%(upstream:remoteref) refs/heads/main refs/remotes/main [2ms]
2023-06-06 20:36:31.288 [info] > git status -z -uall [2ms]
2023-06-06 20:36:39.496 [info] > git show --textconv :102/Class 02 Introduction.md [8ms]
2023-06-06 20:36:39.498 [info] > git ls-files --stage -- /home/sarahwoolsey87/Reading-Notes/102/Class 02 Introduction.md [3ms]
2023-06-06 20:36:47.637 [info] > git config --get commit.template [8ms]
2023-06-06 20:36:47.638 [info] > git for-each-ref --format=%(refname)%00%(upstream:short)%00%(objectname)%00%(upstream:track)%00%(upstream:remotename)%00%(upstream:remoteref) refs/heads/main refs/remotes/main [2ms]
2023-06-06 20:36:47.648 [info] > git status -z -uall [2ms]
2023-06-06 20:39:52.706 [info] > git config --local branch.main.github-pr-owner-number [2ms]
2023-06-06 20:39:52.719 [info] > git config --get commit.template [2ms]
2023-06-06 20:39:52.727 [info] > git for-each-ref --format=%(refname)%00%(upstream:short)%00%(objectname)%00%(upstream:track)%00%(upstream:remotename)%00%(upstream:remoteref) refs/heads/main refs/remotes/main [1ms]
2023-06-06 20:39:52.736 [info] > git status -z -uall [1ms]
2023-06-06 20:44:52.759 [info] > git config --local branch.main.github-pr-owner-number [2ms]
2023-06-06 20:44:52.774 [info] > git config --get commit.template [7ms]
2023-06-06 20:44:52.775 [info] > git for-each-ref --format=%(refname)%00%(upstream:short)%00%(objectname)%00%(upstream:track)%00%(upstream:remotename)%00%(upstream:remoteref) refs/heads/main refs/remotes/main [1ms]
2023-06-06 20:44:52.783 [info] > git status -z -uall [2ms]
2023-06-06 20:49:52.809 [info] > git config --local branch.main.github-pr-owner-number [2ms]
2023-06-06 20:49:52.844 [info] > git config --get commit.template [17ms]
2023-06-06 20:49:52.845 [info] > git for-each-ref --format=%(refname)%00%(upstream:short)%00%(objectname)%00%(upstream:track)%00%(upstream:remotename)%00%(upstream:remoteref) refs/heads/main refs/remotes/main [2ms]
2023-06-06 20:49:52.862 [info] > git status -z -uall [2ms]
2023-06-06 20:54:52.897 [info] > git config --local branch.main.github-pr-owner-number [3ms]
2023-06-06 20:54:52.941 [info] > git config --get commit.template [11ms]
2023-06-06 20:54:52.942 [info] > git for-each-ref --format=%(refname)%00%(upstream:short)%00%(objectname)%00%(upstream:track)%00%(upstream:remotename)%00%(upstream:remoteref) refs/heads/main refs/remotes/main [2ms]
2023-06-06 20:54:52.955 [info] > git status -z -uall [3ms]
2023-06-06 20:59:52.975 [info] > git config --local branch.main.github-pr-owner-number [1ms]
2023-06-06 20:59:52.990 [info] > git config --get commit.template [8ms]
2023-06-06 20:59:52.991 [info] > git for-each-ref --format=%(refname)%00%(upstream:short)%00%(objectname)%00%(upstream:track)%00%(upstream:remotename)%00%(upstream:remoteref) refs/heads/main refs/remotes/main [2ms]
2023-06-06 20:59:52.999 [info] > git status -z -uall [2ms]
2023-06-06 21:00:28.695 [info] > git show --textconv :102/Class 04 Structure Webpages with HTML [15ms]
2023-06-06 21:00:28.697 [info] > git ls-files --stage -- /home/sarahwoolsey87/Reading-Notes/102/Class 04 Structure Webpages with HTML [7ms]
2023-06-06 21:00:28.901 [info] > git check-ignore -v -z --stdin [1ms]
2023-06-06 21:00:29.427 [info] > git config --get commit.template [11ms]
2023-06-06 21:00:29.428 [info] > git for-each-ref --format=%(refname)%00%(upstream:short)%00%(objectname)%00%(upstream:track)%00%(upstream:remotename)%00%(upstream:remoteref) refs/heads/main refs/remotes/main [2ms]
2023-06-06 21:00:29.438 [info] > git status -z -uall [2ms]
2023-06-06 21:04:53.018 [info] > git config --local branch.main.github-pr-owner-number [2ms]
2023-06-06 21:04:53.029 [info] > git config --get commit.template [3ms]
2023-06-06 21:04:53.040 [info] > git for-each-ref --format=%(refname)%00%(upstream:short)%00%(objectname)%00%(upstream:track)%00%(upstream:remotename)%00%(upstream:remoteref) refs/heads/main refs/remotes/main [2ms]
2023-06-06 21:04:53.060 [info] > git status -z -uall [2ms]
2023-06-06 21:08:54.974 [info] > git config --get commit.template [8ms]
2023-06-06 21:08:54.975 [info] > git for-each-ref --format=%(refname)%00%(upstream:short)%00%(objectname)%00%(upstream:track)%00%(upstream:remotename)%00%(upstream:remoteref) refs/heads/main refs/remotes/main [2ms]
2023-06-06 21:08:54.983 [info] > git status -z -uall [2ms]
2023-06-06 21:09:53.075 [info] > git config --local branch.main.github-pr-owner-number [2ms]
2023-06-06 21:09:53.099 [info] > git config --get commit.template [7ms]
2023-06-06 21:09:53.100 [info] > git for-each-ref --format=%(refname)%00%(upstream:short)%00%(objectname)%00%(upstream:track)%00%(upstream:remotename)%00%(upstream:remoteref) refs/heads/main refs/remotes/main [2ms]
2023-06-06 21:09:53.112 [info] > git status -z -uall [3ms]
2023-06-06 21:13:18.112 [info] > git config --get commit.template [8ms]
2023-06-06 21:13:18.113 [info] > git for-each-ref --format=%(refname)%00%(upstream:short)%00%(objectname)%00%(upstream:track)%00%(upstream:remotename)%00%(upstream:remoteref) refs/heads/main refs/remotes/main [3ms]
2023-06-06 21:13:18.121 [info] > git status -z -uall [2ms]
2023-06-06 21:13:18.350 [info] > git ls-files --stage -- /home/sarahwoolsey87/Reading-Notes/102/Class 04 Structure Webpages with HTML [43ms]
2023-06-06 21:13:18.351 [info] > git ls-files --stage -- /home/sarahwoolsey87/Reading-Notes/102/Class 02 Introduction.md [53ms]
2023-06-06 21:13:18.352 [info] > git ls-files --stage -- /home/sarahwoolsey87/Reading-Notes/102/Class 05 [65ms]
2023-06-06 21:13:18.358 [info] > git ls-files --stage -- /home/sarahwoolsey87/Reading-Notes/102/Class 08 [91ms]
2023-06-06 21:13:18.365 [info] > git ls-files --stage -- /home/sarahwoolsey87/Reading-Notes/201/Class 15 [116ms]
2023-06-06 21:13:18.371 [info] > git ls-files --stage -- /home/sarahwoolsey87/Reading-Notes/201/Class 14 [143ms]
2023-06-06 21:13:18.397 [info] > git ls-files --stage -- /home/sarahwoolsey87/Reading-Notes/201/Class 13 [178ms]
2023-06-06 21:13:18.442 [info] > git ls-files --stage -- /home/sarahwoolsey87/Reading-Notes/201/Class 12 [228ms]
2023-06-06 21:13:18.464 [info] > git ls-files --stage -- /home/sarahwoolsey87/Reading-Notes/201/Class 11 [256ms]
2023-06-06 21:13:18.470 [info] > git ls-files --stage -- /home/sarahwoolsey87/Reading-Notes/README.md [268ms]
2023-06-06 21:13:18.478 [info] > git cat-file -s e69de29bb2d1d6434b8b29ae775ad8c2e48c5391 [9ms]
2023-06-06 21:13:18.479 [info] > git cat-file -s e69de29bb2d1d6434b8b29ae775ad8c2e48c5391 [16ms]
2023-06-06 21:13:18.480 [info] > git cat-file -s e69de29bb2d1d6434b8b29ae775ad8c2e48c5391 [39ms]
2023-06-06 21:13:18.480 [info] > git cat-file -s e69de29bb2d1d6434b8b29ae775ad8c2e48c5391 [84ms]
2023-06-06 21:13:18.481 [info] > git cat-file -s e69de29bb2d1d6434b8b29ae775ad8c2e48c5391 [111ms]
2023-06-06 21:13:18.482 [info] > git cat-file -s e69de29bb2d1d6434b8b29ae775ad8c2e48c5391 [117ms]
2023-06-06 21:13:18.482 [info] > git cat-file -s e69de29bb2d1d6434b8b29ae775ad8c2e48c5391 [124ms]
2023-06-06 21:13:18.668 [info] > git show --textconv :102/Class 04 Structure Webpages with HTML [177ms]
2023-06-06 21:13:18.668 [info] > git show --textconv :102/Class 02 Introduction.md [170ms]
2023-06-06 21:13:18.668 [info] > git show --textconv :201/Class 11 [80ms]
2023-06-06 21:13:18.668 [info] > git show --textconv :201/Class 12 [59ms]
2023-06-06 21:13:18.668 [info] > git show --textconv :201/Class 13 [25ms]
2023-06-06 21:13:18.668 [info] > git show --textconv :201/Class 14 [19ms]
2023-06-06 21:13:18.669 [info] > git show --textconv :201/Class 15 [13ms]
2023-06-06 21:13:18.669 [info] > git show --textconv :102/Class 08 [8ms]
2023-06-06 21:13:18.669 [info] > git show --textconv :102/Class 05 [2ms]
2023-06-06 21:13:18.670 [info] > git cat-file -s 75dd9faaffd79e4484d3be8dfeb3cf448359bf5e [195ms]
2023-06-06 21:13:18.691 [info] > git show --textconv :README.md [4ms]
2023-06-06 21:14:53.130 [info] > git config --local branch.main.github-pr-owner-number [1ms]
2023-06-06 21:14:53.144 [info] > git config --get commit.template [7ms]
2023-06-06 21:14:53.145 [info] > git for-each-ref --format=%(refname)%00%(upstream:short)%00%(objectname)%00%(upstream:track)%00%(upstream:remotename)%00%(upstream:remoteref) refs/heads/main refs/remotes/main [1ms]
2023-06-06 21:14:53.153 [info] > git status -z -uall [2ms]
2023-06-06 21:14:58.952 [info] > git config --get commit.template [7ms]
2023-06-06 21:14:58.953 [info] > git for-each-ref --format=%(refname)%00%(upstream:short)%00%(objectname)%00%(upstream:track)%00%(upstream:remotename)%00%(upstream:remoteref) refs/heads/main refs/remotes/main [1ms]
2023-06-06 21:14:58.961 [info] > git status -z -uall [2ms]
2023-06-06 21:14:59.137 [info] > git ls-files --stage -- /home/sarahwoolsey87/Reading-Notes/102/Class 04 Structure Webpages with HTML [9ms]
2023-06-06 21:14:59.142 [info] > git ls-files --stage -- /home/sarahwoolsey87/Reading-Notes/102/Class 02 Introduction.md [20ms]
2023-06-06 21:14:59.148 [info] > git ls-files --stage -- /home/sarahwoolsey87/Reading-Notes/102/Class 05 [32ms]
2023-06-06 21:14:59.154 [info] > git ls-files --stage -- /home/sarahwoolsey87/Reading-Notes/102/Class 08 [45ms]
2023-06-06 21:14:59.185 [info] > git ls-files --stage -- /home/sarahwoolsey87/Reading-Notes/201/Class 15 [83ms]
2023-06-06 21:14:59.191 [info] > git ls-files --stage -- /home/sarahwoolsey87/Reading-Notes/201/Class 14 [96ms]
2023-06-06 21:14:59.197 [info] > git ls-files --stage -- /home/sarahwoolsey87/Reading-Notes/201/Class 13 [107ms]
2023-06-06 21:14:59.203 [info] > git ls-files --stage -- /home/sarahwoolsey87/Reading-Notes/201/Class 12 [121ms]
2023-06-06 21:14:59.210 [info] > git ls-files --stage -- /home/sarahwoolsey87/Reading-Notes/201/Class 11 [136ms]
2023-06-06 21:14:59.241 [info] > git ls-files --stage -- /home/sarahwoolsey87/Reading-Notes/README.md [174ms]
2023-06-06 21:14:59.252 [info] > git cat-file -s e69de29bb2d1d6434b8b29ae775ad8c2e48c5391 [11ms]
2023-06-06 21:14:59.253 [info] > git cat-file -s e69de29bb2d1d6434b8b29ae775ad8c2e48c5391 [44ms]
2023-06-06 21:14:59.253 [info] > git cat-file -s e69de29bb2d1d6434b8b29ae775ad8c2e48c5391 [51ms]
2023-06-06 21:14:59.254 [info] > git cat-file -s e69de29bb2d1d6434b8b29ae775ad8c2e48c5391 [58ms]
2023-06-06 21:14:59.256 [info] > git cat-file -s e69de29bb2d1d6434b8b29ae775ad8c2e48c5391 [66ms]
2023-06-06 21:14:59.257 [info] > git cat-file -s e69de29bb2d1d6434b8b29ae775ad8c2e48c5391 [73ms]
2023-06-06 21:14:59.257 [info] > git cat-file -s e69de29bb2d1d6434b8b29ae775ad8c2e48c5391 [103ms]
2023-06-06 21:14:59.257 [info] > git cat-file -s 7089ff5e6df36c981e95a02874785a9f8d3376f7 [109ms]
2023-06-06 21:14:59.258 [info] > git cat-file -s b01151035e2e5a7c577b7a36d6350784858aee1c [116ms]
2023-06-06 21:14:59.259 [info] > git cat-file -s 75dd9faaffd79e4484d3be8dfeb3cf448359bf5e [13ms]
2023-06-06 21:14:59.409 [info] > git show --textconv :201/Class 11 [134ms]
2023-06-06 21:14:59.409 [info] > git show --textconv :201/Class 12 [128ms]
2023-06-06 21:14:59.409 [info] > git show --textconv :201/Class 13 [120ms]
2023-06-06 21:14:59.409 [info] > git show --textconv :201/Class 14 [114ms]
2023-06-06 21:14:59.409 [info] > git show --textconv :201/Class 15 [107ms]
2023-06-06 21:14:59.409 [info] > git show --textconv :102/Class 08 [99ms]
2023-06-06 21:14:59.409 [info] > git show --textconv :102/Class 05 [32ms]
2023-06-06 21:14:59.409 [info] > git show --textconv :102/Class 02 Introduction.md [26ms]
2023-06-06 21:14:59.409 [info] > git show --textconv :102/Class 04 Structure Webpages with HTML [16ms]
2023-06-06 21:14:59.413 [info] > git show --textconv :README.md [6ms]
2023-06-06 21:18:47.805 [info] > git config --local branch.main.github-pr-owner-number [27ms]
2023-06-06 21:18:47.851 [info] > git config --get commit.template [24ms]
2023-06-06 21:18:47.869 [info] > git for-each-ref --format=%(refname)%00%(upstream:short)%00%(objectname)%00%(upstream:track)%00%(upstream:remotename)%00%(upstream:remoteref) refs/heads/main refs/remotes/main [25ms]
2023-06-06 21:18:47.924 [info] > git status -z -uall [36ms]
2023-06-06 21:19:51.704 [info] > git config --get commit.template [12ms]
2023-06-06 21:19:51.705 [info] > git for-each-ref --format=%(refname)%00%(upstream:short)%00%(objectname)%00%(upstream:track)%00%(upstream:remotename)%00%(upstream:remoteref) refs/heads/main refs/remotes/main [3ms]
2023-06-06 21:19:51.713 [info] > git status -z -uall [2ms]
2023-06-06 21:19:53.168 [info] > git config --local branch.main.github-pr-owner-number [1ms]
2023-06-06 21:19:53.182 [info] > git config --get commit.template [6ms]
2023-06-06 21:19:53.182 [info] > git for-each-ref --format=%(refname)%00%(upstream:short)%00%(objectname)%00%(upstream:track)%00%(upstream:remotename)%00%(upstream:remoteref) refs/heads/main refs/remotes/main [1ms]
2023-06-06 21:19:53.190 [info] > git status -z -uall [2ms]
2023-06-06 21:24:53.206 [info] > git config --local branch.main.github-pr-owner-number [3ms]
2023-06-06 21:24:53.217 [info] > git config --get commit.template [3ms]
2023-06-06 21:24:53.225 [info] > git for-each-ref --format=%(refname)%00%(upstream:short)%00%(objectname)%00%(upstream:track)%00%(upstream:remotename)%00%(upstream:remoteref) refs/heads/main refs/remotes/main [2ms]
2023-06-06 21:24:53.233 [info] > git status -z -uall [2ms]
2023-06-06 21:28:40.177 [info] > git ls-files --stage -- /home/sarahwoolsey87/Reading-Notes/.git/COMMIT_EDITMSG [2ms]
2023-06-06 21:28:40.218 [info] > git show --textconv :.git/COMMIT_EDITMSG [51ms]
2023-06-06 21:28:40.538 [info] > git check-ignore -v -z --stdin [3ms]
2023-06-06 21:28:40.539 [info] > git ls-files --stage -- /home/sarahwoolsey87/Reading-Notes/.git/COMMIT_EDITMSG [17ms]
2023-06-06 21:28:40.539 [info] > git ls-files --stage -- /home/sarahwoolsey87/Reading-Notes/102/Class 04 Structure Webpages with HTML [28ms]
2023-06-06 21:28:40.546 [info] > git ls-files --stage -- /home/sarahwoolsey87/Reading-Notes/102/Class 02 Introduction.md [40ms]
2023-06-06 21:28:40.555 [info] > git ls-files --stage -- /home/sarahwoolsey87/Reading-Notes/102/Class 05 [60ms]
2023-06-06 21:28:40.561 [info] > git ls-files --stage -- /home/sarahwoolsey87/Reading-Notes/102/Class 08 [74ms]
2023-06-06 21:28:40.569 [info] > git ls-files --stage -- /home/sarahwoolsey87/Reading-Notes/201/Class 15 [93ms]
2023-06-06 21:28:40.575 [info] > git ls-files --stage -- /home/sarahwoolsey87/Reading-Notes/201/Class 14 [106ms]
2023-06-06 21:28:40.583 [info] > git ls-files --stage -- /home/sarahwoolsey87/Reading-Notes/201/Class 13 [148ms]
2023-06-06 21:28:40.592 [info] > git ls-files --stage -- /home/sarahwoolsey87/Reading-Notes/201/Class 12 [194ms]
2023-06-06 21:28:40.600 [info] > git ls-files --stage -- /home/sarahwoolsey87/Reading-Notes/201/Class 11 [209ms]
2023-06-06 21:28:40.606 [info] > git ls-files --stage -- /home/sarahwoolsey87/Reading-Notes/README.md [222ms]
2023-06-06 21:28:40.618 [info] > git cat-file -s e69de29bb2d1d6434b8b29ae775ad8c2e48c5391 [12ms]
2023-06-06 21:28:40.619 [info] > git cat-file -s e69de29bb2d1d6434b8b29ae775ad8c2e48c5391 [20ms]
2023-06-06 21:28:40.620 [info] > git cat-file -s e69de29bb2d1d6434b8b29ae775ad8c2e48c5391 [29ms]
2023-06-06 21:28:40.620 [info] > git cat-file -s e69de29bb2d1d6434b8b29ae775ad8c2e48c5391 [37ms]
2023-06-06 21:28:40.620 [info] > git cat-file -s e69de29bb2d1d6434b8b29ae775ad8c2e48c5391 [46ms]
2023-06-06 21:28:40.621 [info] > git cat-file -s e69de29bb2d1d6434b8b29ae775ad8c2e48c5391 [53ms]
2023-06-06 21:28:40.621 [info] > git cat-file -s e69de29bb2d1d6434b8b29ae775ad8c2e48c5391 [61ms]
2023-06-06 21:28:40.622 [info] > git cat-file -s 7089ff5e6df36c981e95a02874785a9f8d3376f7 [67ms]
2023-06-06 21:28:40.622 [info] > git cat-file -s b01151035e2e5a7c577b7a36d6350784858aee1c [77ms]
2023-06-06 21:28:40.632 [info] > git cat-file -s 75dd9faaffd79e4484d3be8dfeb3cf448359bf5e [20ms]
2023-06-06 21:28:40.787 [info] > git show --textconv :.git/COMMIT_EDITMSG [154ms]
2023-06-06 21:28:40.787 [info] > git show --textconv :201/Class 11 [146ms]
2023-06-06 21:28:40.787 [info] > git show --textconv :201/Class 12 [138ms]
2023-06-06 21:28:40.787 [info] > git show --textconv :201/Class 13 [131ms]
2023-06-06 21:28:40.787 [info] > git show --textconv :201/Class 14 [120ms]
2023-06-06 21:28:40.787 [info] > git show --textconv :201/Class 15 [114ms]
2023-06-06 21:28:40.787 [info] > git show --textconv :102/Class 08 [107ms]
2023-06-06 21:28:40.787 [info] > git show --textconv :102/Class 05 [99ms]
2023-06-06 21:28:40.787 [info] > git show --textconv :102/Class 02 Introduction.md [92ms]
2023-06-06 21:28:40.787 [info] > git show --textconv :102/Class 04 Structure Webpages with HTML [1ms]
2023-06-06 21:28:40.800 [info] > git show --textconv :README.md [2ms]
2023-06-06 21:29:53.247 [info] > git config --local branch.main.github-pr-owner-number [1ms]
2023-06-06 21:29:53.257 [info] > git config --get commit.template [2ms]
2023-06-06 21:29:53.266 [info] > git for-each-ref --format=%(refname)%00%(upstream:short)%00%(objectname)%00%(upstream:track)%00%(upstream:remotename)%00%(upstream:remoteref) refs/heads/main refs/remotes/main [2ms]
2023-06-06 21:29:53.274 [info] > git status -z -uall [2ms]
2023-06-06 21:34:53.289 [info] > git config --local branch.main.github-pr-owner-number [2ms]
2023-06-06 21:34:53.300 [info] > git config --get commit.template [3ms]
2023-06-06 21:34:53.309 [info] > git for-each-ref --format=%(refname)%00%(upstream:short)%00%(objectname)%00%(upstream:track)%00%(upstream:remotename)%00%(upstream:remoteref) refs/heads/main refs/remotes/main [2ms]
2023-06-06 21:34:53.320 [info] > git status -z -uall [2ms]
2023-06-06 21:34:57.717 [info] > git ls-files --stage -- /home/sarahwoolsey87/Reading-Notes/102/Class 04 Structure Webpages with HTML [10ms]
2023-06-06 21:34:57.763 [info] > git ls-files --stage -- /home/sarahwoolsey87/Reading-Notes/102/Class 02 Introduction.md [63ms]
2023-06-06 21:34:57.769 [info] > git ls-files --stage -- /home/sarahwoolsey87/Reading-Notes/102/Class 05 [79ms]
2023-06-06 21:34:57.787 [info] > git ls-files --stage -- /home/sarahwoolsey87/Reading-Notes/102/Class 08 [106ms]
2023-06-06 21:34:57.794 [info] > git ls-files --stage -- /home/sarahwoolsey87/Reading-Notes/201/Class 15 [120ms]
2023-06-06 21:34:57.800 [info] > git ls-files --stage -- /home/sarahwoolsey87/Reading-Notes/201/Class 14 [134ms]
2023-06-06 21:34:57.808 [info] > git ls-files --stage -- /home/sarahwoolsey87/Reading-Notes/201/Class 13 [149ms]
2023-06-06 21:34:57.814 [info] > git ls-files --stage -- /home/sarahwoolsey87/Reading-Notes/201/Class 12 [163ms]
2023-06-06 21:34:57.821 [info] > git ls-files --stage -- /home/sarahwoolsey87/Reading-Notes/201/Class 11 [176ms]
2023-06-06 21:34:57.828 [info] > git ls-files --stage -- /home/sarahwoolsey87/Reading-Notes/README.md [191ms]
2023-06-06 21:34:57.840 [info] > git cat-file -s e69de29bb2d1d6434b8b29ae775ad8c2e48c5391 [13ms]
2023-06-06 21:34:57.841 [info] > git cat-file -s e69de29bb2d1d6434b8b29ae775ad8c2e48c5391 [20ms]
2023-06-06 21:34:57.841 [info] > git cat-file -s e69de29bb2d1d6434b8b29ae775ad8c2e48c5391 [27ms]
2023-06-06 21:34:57.841 [info] > git cat-file -s e69de29bb2d1d6434b8b29ae775ad8c2e48c5391 [34ms]
2023-06-06 21:34:57.842 [info] > git cat-file -s e69de29bb2d1d6434b8b29ae775ad8c2e48c5391 [41ms]
2023-06-06 21:34:57.842 [info] > git cat-file -s e69de29bb2d1d6434b8b29ae775ad8c2e48c5391 [48ms]
2023-06-06 21:34:57.842 [info] > git cat-file -s e69de29bb2d1d6434b8b29ae775ad8c2e48c5391 [56ms]
2023-06-06 21:34:57.843 [info] > git cat-file -s 7089ff5e6df36c981e95a02874785a9f8d3376f7 [75ms]
2023-06-06 21:34:57.843 [info] > git cat-file -s b01151035e2e5a7c577b7a36d6350784858aee1c [81ms]
2023-06-06 21:34:57.843 [info] > git ls-files --stage -- /home/sarahwoolsey87/Reading-Notes/.git/COMMIT_EDITMSG [129ms]
2023-06-06 21:34:57.844 [info] > git cat-file -s 75dd9faaffd79e4484d3be8dfeb3cf448359bf5e [10ms]
2023-06-06 21:34:57.979 [info] > git show --textconv :201/Class 11 [115ms]
2023-06-06 21:34:57.979 [info] > git show --textconv :201/Class 12 [108ms]
2023-06-06 21:34:57.979 [info] > git show --textconv :201/Class 13 [101ms]
2023-06-06 21:34:57.979 [info] > git show --textconv :201/Class 14 [92ms]
2023-06-06 21:34:57.979 [info] > git show --textconv :201/Class 15 [81ms]
2023-06-06 21:34:57.979 [info] > git show --textconv :102/Class 08 [54ms]
2023-06-06 21:34:57.979 [info] > git show --textconv :102/Class 05 [32ms]
2023-06-06 21:34:57.979 [info] > git show --textconv :102/Class 02 Introduction.md [24ms]
2023-06-06 21:34:57.979 [info] > git show --textconv :102/Class 04 Structure Webpages with HTML [17ms]
2023-06-06 21:34:57.979 [info] > git show --textconv :.git/COMMIT_EDITMSG [11ms]
2023-06-06 21:34:57.979 [info] > git show --textconv :README.md [2ms]
2023-06-06 21:37:02.456 [info] > git -c user.useConfigOnly=true commit --quiet [503418ms]
2023-06-06 21:37:02.456 [info] Aborting commit due to empty commit message.
2023-06-06 21:37:02.476 [info] > git config --get commit.template [11ms]
2023-06-06 21:37:02.477 [info] > git for-each-ref --format=%(refname)%00%(upstream:short)%00%(objectname)%00%(upstream:track)%00%(upstream:remotename)%00%(upstream:remoteref) refs/heads/main refs/remotes/main [1ms]
2023-06-06 21:37:02.487 [info] > git status -z -uall [3ms]
2023-06-06 21:37:25.620 [info] > git show --textconv :.git/COMMIT_EDITMSG [10ms]
2023-06-06 21:37:25.623 [info] > git ls-files --stage -- /home/sarahwoolsey87/Reading-Notes/.git/COMMIT_EDITMSG [4ms]
2023-06-06 21:37:26.531 [info] > git ls-files --stage -- /home/sarahwoolsey87/Reading-Notes/102/Class 04 Structure Webpages with HTML [11ms]
2023-06-06 21:37:26.558 [info] > git ls-files --stage -- /home/sarahwoolsey87/Reading-Notes/102/Class 02 Introduction.md [49ms]
2023-06-06 21:37:26.565 [info] > git ls-files --stage -- /home/sarahwoolsey87/Reading-Notes/102/Class 05 [65ms]
2023-06-06 21:37:26.575 [info] > git ls-files --stage -- /home/sarahwoolsey87/Reading-Notes/102/Class 08 [84ms]
2023-06-06 21:37:26.585 [info] > git ls-files --stage -- /home/sarahwoolsey87/Reading-Notes/201/Class 15 [100ms]
2023-06-06 21:37:26.592 [info] > git ls-files --stage -- /home/sarahwoolsey87/Reading-Notes/201/Class 14 [177ms]
2023-06-06 21:37:26.600 [info] > git ls-files --stage -- /home/sarahwoolsey87/Reading-Notes/201/Class 13 [193ms]
2023-06-06 21:37:26.608 [info] > git ls-files --stage -- /home/sarahwoolsey87/Reading-Notes/201/Class 12 [212ms]
2023-06-06 21:37:26.615 [info] > git ls-files --stage -- /home/sarahwoolsey87/Reading-Notes/201/Class 11 [227ms]
2023-06-06 21:37:26.623 [info] > git ls-files --stage -- /home/sarahwoolsey87/Reading-Notes/README.md [246ms]
2023-06-06 21:37:26.637 [info] > git cat-file -s e69de29bb2d1d6434b8b29ae775ad8c2e48c5391 [14ms]
2023-06-06 21:37:26.638 [info] > git cat-file -s e69de29bb2d1d6434b8b29ae775ad8c2e48c5391 [24ms]
2023-06-06 21:37:26.638 [info] > git cat-file -s e69de29bb2d1d6434b8b29ae775ad8c2e48c5391 [31ms]
2023-06-06 21:37:26.638 [info] > git cat-file -s e69de29bb2d1d6434b8b29ae775ad8c2e48c5391 [39ms]
2023-06-06 21:37:26.639 [info] > git cat-file -s e69de29bb2d1d6434b8b29ae775ad8c2e48c5391 [47ms]
2023-06-06 21:37:26.639 [info] > git cat-file -s e69de29bb2d1d6434b8b29ae775ad8c2e48c5391 [55ms]
2023-06-06 21:37:26.639 [info] > git cat-file -s e69de29bb2d1d6434b8b29ae775ad8c2e48c5391 [64ms]
2023-06-06 21:37:26.640 [info] > git cat-file -s 7089ff5e6df36c981e95a02874785a9f8d3376f7 [76ms]
2023-06-06 21:37:26.640 [info] > git cat-file -s b01151035e2e5a7c577b7a36d6350784858aee1c [82ms]
2023-06-06 21:37:26.640 [info] > git ls-files --stage -- /home/sarahwoolsey87/Reading-Notes/.git/COMMIT_EDITMSG [113ms]
2023-06-06 21:37:26.641 [info] > git cat-file -s 75dd9faaffd79e4484d3be8dfeb3cf448359bf5e [8ms]
2023-06-06 21:37:26.754 [info] > git show --textconv :201/Class 11 [94ms]
2023-06-06 21:37:26.754 [info] > git show --textconv :201/Class 12 [83ms]
2023-06-06 21:37:26.754 [info] > git show --textconv :201/Class 13 [76ms]
2023-06-06 21:37:26.754 [info] > git show --textconv :201/Class 14 [64ms]
2023-06-06 21:37:26.754 [info] > git show --textconv :201/Class 15 [58ms]
2023-06-06 21:37:26.755 [info] > git show --textconv :102/Class 08 [50ms]
2023-06-06 21:37:26.755 [info] > git show --textconv :102/Class 05 [42ms]
2023-06-06 21:37:26.755 [info] > git show --textconv :102/Class 02 Introduction.md [32ms]
2023-06-06 21:37:26.755 [info] > git show --textconv :102/Class 04 Structure Webpages with HTML [26ms]
2023-06-06 21:37:26.755 [info] > git show --textconv :.git/COMMIT_EDITMSG [16ms]
2023-06-06 21:37:26.755 [info] > git show --textconv :README.md [6ms]
2023-06-06 21:39:53.336 [info] > git config --local branch.main.github-pr-owner-number [2ms]
2023-06-06 21:39:53.352 [info] > git config --get commit.template [8ms]
2023-06-06 21:39:53.353 [info] > git for-each-ref --format=%(refname)%00%(upstream:short)%00%(objectname)%00%(upstream:track)%00%(upstream:remotename)%00%(upstream:remoteref) refs/heads/main refs/remotes/main [2ms]
2023-06-06 21:39:53.362 [info] > git status -z -uall [3ms]
2023-06-06 21:44:53.377 [info] > git config --local branch.main.github-pr-owner-number [1ms]
2023-06-06 21:44:53.387 [info] > git config --get commit.template [1ms]
2023-06-06 21:44:53.395 [info] > git for-each-ref --format=%(refname)%00%(upstream:short)%00%(objectname)%00%(upstream:track)%00%(upstream:remotename)%00%(upstream:remoteref) refs/heads/main refs/remotes/main [1ms]
2023-06-06 21:44:53.404 [info] > git status -z -uall [2ms]
2023-06-06 21:46:52.074 [info] > git ls-files --stage -- /home/sarahwoolsey87/Reading-Notes/102/Class 04 Structure Webpages with HTML [11ms]
2023-06-06 21:46:52.081 [info] > git ls-files --stage -- /home/sarahwoolsey87/Reading-Notes/102/Class 02 Introduction.md [25ms]
2023-06-06 21:46:52.087 [info] > git ls-files --stage -- /home/sarahwoolsey87/Reading-Notes/102/Class 05 [38ms]
2023-06-06 21:46:52.094 [info] > git ls-files --stage -- /home/sarahwoolsey87/Reading-Notes/102/Class 08 [54ms]
2023-06-06 21:46:52.100 [info] > git ls-files --stage -- /home/sarahwoolsey87/Reading-Notes/201/Class 15 [66ms]
2023-06-06 21:46:52.106 [info] > git ls-files --stage -- /home/sarahwoolsey87/Reading-Notes/201/Class 14 [79ms]
2023-06-06 21:46:52.114 [info] > git ls-files --stage -- /home/sarahwoolsey87/Reading-Notes/201/Class 13 [95ms]
2023-06-06 21:46:52.120 [info] > git ls-files --stage -- /home/sarahwoolsey87/Reading-Notes/201/Class 12 [107ms]
2023-06-06 21:46:52.127 [info] > git ls-files --stage -- /home/sarahwoolsey87/Reading-Notes/201/Class 11 [122ms]
2023-06-06 21:46:52.133 [info] > git ls-files --stage -- /home/sarahwoolsey87/Reading-Notes/README.md [136ms]
2023-06-06 21:46:52.171 [info] > git cat-file -s e69de29bb2d1d6434b8b29ae775ad8c2e48c5391 [38ms]
2023-06-06 21:46:52.172 [info] > git cat-file -s e69de29bb2d1d6434b8b29ae775ad8c2e48c5391 [46ms]
2023-06-06 21:46:52.172 [info] > git cat-file -s e69de29bb2d1d6434b8b29ae775ad8c2e48c5391 [52ms]
2023-06-06 21:46:52.175 [info] > git cat-file -s e69de29bb2d1d6434b8b29ae775ad8c2e48c5391 [59ms]
2023-06-06 21:46:52.176 [info] > git cat-file -s e69de29bb2d1d6434b8b29ae775ad8c2e48c5391 [70ms]
2023-06-06 21:46:52.176 [info] > git cat-file -s e69de29bb2d1d6434b8b29ae775ad8c2e48c5391 [77ms]
2023-06-06 21:46:52.177 [info] > git cat-file -s e69de29bb2d1d6434b8b29ae775ad8c2e48c5391 [84ms]
2023-06-06 21:46:52.177 [info] > git cat-file -s 7089ff5e6df36c981e95a02874785a9f8d3376f7 [90ms]
2023-06-06 21:46:52.178 [info] > git cat-file -s b01151035e2e5a7c577b7a36d6350784858aee1c [97ms]
2023-06-06 21:46:52.178 [info] > git ls-files --stage -- /home/sarahwoolsey87/Reading-Notes/.git/COMMIT_EDITMSG [109ms]
2023-06-06 21:46:52.179 [info] > git cat-file -s 75dd9faaffd79e4484d3be8dfeb3cf448359bf5e [10ms]
2023-06-06 21:46:52.276 [info] > git show --textconv :201/Class 11 [85ms]
2023-06-06 21:46:52.277 [info] > git show --textconv :201/Class 12 [76ms]
2023-06-06 21:46:52.277 [info] > git show --textconv :201/Class 13 [66ms]
2023-06-06 21:46:52.277 [info] > git show --textconv :201/Class 14 [57ms]
2023-06-06 21:46:52.277 [info] > git show --textconv :201/Class 15 [49ms]
2023-06-06 21:46:52.277 [info] > git show --textconv :102/Class 08 [42ms]
2023-06-06 21:46:52.277 [info] > git show --textconv :102/Class 05 [36ms]
2023-06-06 21:46:52.277 [info] > git show --textconv :102/Class 02 Introduction.md [28ms]
2023-06-06 21:46:52.277 [info] > git show --textconv :102/Class 04 Structure Webpages with HTML [22ms]
2023-06-06 21:46:52.277 [info] > git show --textconv :.git/COMMIT_EDITMSG [12ms]
2023-06-06 21:46:52.277 [info] > git show --textconv :README.md [4ms]
2023-06-06 21:49:53.416 [info] > git config --local branch.main.github-pr-owner-number [2ms]
2023-06-06 21:49:53.437 [info] > git config --get commit.template [13ms]
2023-06-06 21:49:53.438 [info] > git for-each-ref --format=%(refname)%00%(upstream:short)%00%(objectname)%00%(upstream:track)%00%(upstream:remotename)%00%(upstream:remoteref) refs/heads/main refs/remotes/main [4ms]
2023-06-06 21:49:53.449 [info] > git status -z -uall [2ms]
2023-06-06 21:51:35.263 [info] > git ls-files --stage -- /home/sarahwoolsey87/Reading-Notes/102/Class 04 Structure Webpages with HTML [9ms]
2023-06-06 21:51:35.280 [info] > git ls-files --stage -- /home/sarahwoolsey87/Reading-Notes/102/Class 02 Introduction.md [35ms]
2023-06-06 21:51:35.287 [info] > git ls-files --stage -- /home/sarahwoolsey87/Reading-Notes/102/Class 05 [70ms]
2023-06-06 21:51:35.294 [info] > git ls-files --stage -- /home/sarahwoolsey87/Reading-Notes/102/Class 08 [84ms]
2023-06-06 21:51:35.301 [info] > git ls-files --stage -- /home/sarahwoolsey87/Reading-Notes/201/Class 15 [101ms]
2023-06-06 21:51:35.308 [info] > git ls-files --stage -- /home/sarahwoolsey87/Reading-Notes/201/Class 14 [117ms]
2023-06-06 21:51:35.315 [info] > git ls-files --stage -- /home/sarahwoolsey87/Reading-Notes/201/Class 13 [130ms]
2023-06-06 21:51:35.323 [info] > git ls-files --stage -- /home/sarahwoolsey87/Reading-Notes/201/Class 12 [145ms]
2023-06-06 21:51:35.329 [info] > git ls-files --stage -- /home/sarahwoolsey87/Reading-Notes/201/Class 11 [158ms]
2023-06-06 21:51:35.336 [info] > git ls-files --stage -- /home/sarahwoolsey87/Reading-Notes/README.md [172ms]
2023-06-06 21:51:35.344 [info] > git cat-file -s e69de29bb2d1d6434b8b29ae775ad8c2e48c5391 [8ms]
2023-06-06 21:51:35.405 [info] > git cat-file -s e69de29bb2d1d6434b8b29ae775ad8c2e48c5391 [76ms]
2023-06-06 21:51:35.405 [info] > git cat-file -s e69de29bb2d1d6434b8b29ae775ad8c2e48c5391 [83ms]
2023-06-06 21:51:35.405 [info] > git cat-file -s e69de29bb2d1d6434b8b29ae775ad8c2e48c5391 [90ms]
2023-06-06 21:51:35.406 [info] > git cat-file -s e69de29bb2d1d6434b8b29ae775ad8c2e48c5391 [99ms]
2023-06-06 21:51:35.406 [info] > git cat-file -s e69de29bb2d1d6434b8b29ae775ad8c2e48c5391 [105ms]
2023-06-06 21:51:35.406 [info] > git cat-file -s e69de29bb2d1d6434b8b29ae775ad8c2e48c5391 [112ms]
2023-06-06 21:51:35.407 [info] > git cat-file -s 7089ff5e6df36c981e95a02874785a9f8d3376f7 [120ms]
2023-06-06 21:51:35.407 [info] > git cat-file -s b01151035e2e5a7c577b7a36d6350784858aee1c [127ms]
2023-06-06 21:51:35.407 [info] > git ls-files --stage -- /home/sarahwoolsey87/Reading-Notes/.git/COMMIT_EDITMSG [149ms]
2023-06-06 21:51:35.408 [info] > git cat-file -s 75dd9faaffd79e4484d3be8dfeb3cf448359bf5e [66ms]
2023-06-06 21:51:35.521 [info] > git show --textconv :201/Class 11 [100ms]
2023-06-06 21:51:35.521 [info] > git show --textconv :201/Class 12 [94ms]
2023-06-06 21:51:35.521 [info] > git show --textconv :201/Class 13 [87ms]
2023-06-06 21:51:35.521 [info] > git show --textconv :201/Class 14 [81ms]
2023-06-06 21:51:35.521 [info] > git show --textconv :201/Class 15 [74ms]
2023-06-06 21:51:35.522 [info] > git show --textconv :102/Class 08 [68ms]
2023-06-06 21:51:35.522 [info] > git show --textconv :102/Class 05 [60ms]
2023-06-06 21:51:35.522 [info] > git show --textconv :102/Class 02 Introduction.md [53ms]
2023-06-06 21:51:35.522 [info] > git show --textconv :102/Class 04 Structure Webpages with HTML [46ms]
2023-06-06 21:51:35.522 [info] > git show --textconv :.git/COMMIT_EDITMSG [39ms]
2023-06-06 21:51:35.522 [info] > git show --textconv :README.md [2ms]
2023-06-06 21:52:32.850 [info] > git ls-files --stage -- /home/sarahwoolsey87/Reading-Notes/102/Class 04 Structure Webpages with HTML [10ms]
2023-06-06 21:52:32.857 [info] > git ls-files --stage -- /home/sarahwoolsey87/Reading-Notes/102/Class 02 Introduction.md [24ms]
2023-06-06 21:52:32.863 [info] > git ls-files --stage -- /home/sarahwoolsey87/Reading-Notes/102/Class 05 [37ms]
2023-06-06 21:52:32.871 [info] > git ls-files --stage -- /home/sarahwoolsey87/Reading-Notes/102/Class 08 [50ms]
2023-06-06 21:52:32.877 [info] > git ls-files --stage -- /home/sarahwoolsey87/Reading-Notes/201/Class 15 [65ms]
2023-06-06 21:52:32.885 [info] > git ls-files --stage -- /home/sarahwoolsey87/Reading-Notes/201/Class 14 [80ms]
2023-06-06 21:52:32.891 [info] > git ls-files --stage -- /home/sarahwoolsey87/Reading-Notes/201/Class 13 [93ms]
2023-06-06 21:52:32.898 [info] > git ls-files --stage -- /home/sarahwoolsey87/Reading-Notes/201/Class 12 [107ms]
2023-06-06 21:52:32.905 [info] > git ls-files --stage -- /home/sarahwoolsey87/Reading-Notes/201/Class 11 [122ms]
2023-06-06 21:52:32.912 [info] > git ls-files --stage -- /home/sarahwoolsey87/Reading-Notes/README.md [136ms]
2023-06-06 21:52:32.922 [info] > git cat-file -s e69de29bb2d1d6434b8b29ae775ad8c2e48c5391 [10ms]
2023-06-06 21:52:32.923 [info] > git cat-file -s e69de29bb2d1d6434b8b29ae775ad8c2e48c5391 [19ms]
2023-06-06 21:52:32.923 [info] > git cat-file -s e69de29bb2d1d6434b8b29ae775ad8c2e48c5391 [26ms]
2023-06-06 21:52:32.924 [info] > git cat-file -s e69de29bb2d1d6434b8b29ae775ad8c2e48c5391 [33ms]
2023-06-06 21:52:32.924 [info] > git cat-file -s e69de29bb2d1d6434b8b29ae775ad8c2e48c5391 [40ms]
2023-06-06 21:52:32.924 [info] > git cat-file -s e69de29bb2d1d6434b8b29ae775ad8c2e48c5391 [47ms]
2023-06-06 21:52:32.925 [info] > git cat-file -s e69de29bb2d1d6434b8b29ae775ad8c2e48c5391 [55ms]
2023-06-06 21:52:32.925 [info] > git cat-file -s 7089ff5e6df36c981e95a02874785a9f8d3376f7 [62ms]
2023-06-06 21:52:32.925 [info] > git cat-file -s b01151035e2e5a7c577b7a36d6350784858aee1c [69ms]
2023-06-06 21:52:32.926 [info] > git ls-files --stage -- /home/sarahwoolsey87/Reading-Notes/.git/COMMIT_EDITMSG [79ms]
2023-06-06 21:52:32.926 [info] > git cat-file -s 75dd9faaffd79e4484d3be8dfeb3cf448359bf5e [7ms]
2023-06-06 21:52:33.012 [info] > git show --textconv :201/Class 11 [74ms]
2023-06-06 21:52:33.012 [info] > git show --textconv :201/Class 12 [67ms]
2023-06-06 21:52:33.013 [info] > git show --textconv :201/Class 13 [61ms]
2023-06-06 21:52:33.013 [info] > git show --textconv :201/Class 14 [53ms]
2023-06-06 21:52:33.013 [info] > git show --textconv :201/Class 15 [45ms]
2023-06-06 21:52:33.013 [info] > git show --textconv :102/Class 08 [39ms]
2023-06-06 21:52:33.013 [info] > git show --textconv :102/Class 05 [32ms]
2023-06-06 21:52:33.013 [info] > git show --textconv :102/Class 02 Introduction.md [25ms]
2023-06-06 21:52:33.013 [info] > git show --textconv :102/Class 04 Structure Webpages with HTML [19ms]
2023-06-06 21:52:33.013 [info] > git show --textconv :.git/COMMIT_EDITMSG [11ms]
2023-06-06 21:52:33.013 [info] > git show --textconv :README.md [2ms]
2023-06-06 21:54:53.468 [info] > git config --local branch.main.github-pr-owner-number [2ms]
2023-06-06 21:54:53.480 [info] > git config --get commit.template [2ms]
2023-06-06 21:54:53.547 [info] > git for-each-ref --format=%(refname)%00%(upstream:short)%00%(objectname)%00%(upstream:track)%00%(upstream:remotename)%00%(upstream:remoteref) refs/heads/main refs/remotes/main [60ms]
2023-06-06 21:54:53.558 [info] > git status -z -uall [3ms]
2023-06-06 21:54:53.814 [info] > git config --local branch.main.github-pr-owner-number [14ms]
2023-06-06 21:54:53.835 [info] > git config --get commit.template [10ms]
2023-06-06 21:54:53.837 [info] > git for-each-ref --format=%(refname)%00%(upstream:short)%00%(objectname)%00%(upstream:track)%00%(upstream:remotename)%00%(upstream:remoteref) refs/heads/main refs/remotes/main [3ms]
2023-06-06 21:54:53.848 [info] > git status -z -uall [2ms]
2023-06-06 21:59:53.603 [info] > git config --local branch.main.github-pr-owner-number [4ms]
2023-06-06 21:59:53.619 [info] > git config --get commit.template [8ms]
2023-06-06 21:59:53.621 [info] > git for-each-ref --format=%(refname)%00%(upstream:short)%00%(objectname)%00%(upstream:track)%00%(upstream:remotename)%00%(upstream:remoteref) refs/heads/main refs/remotes/main [2ms]
2023-06-06 21:59:53.631 [info] > git status -z -uall [4ms]
