2023-06-06 22:04:48.438 [info] Extension host with pid 998 started
2023-06-06 22:04:48.452 [error] Error: EEXIST: file already exists, open '/home/sarahwoolsey87/.vscode-server/data/User/workspaceStorage/0f6cc7cb30aceaf3a0fb05d99dbe484a/vscode.lock'
2023-06-06 22:04:48.506 [info] Lock '/home/sarahwoolsey87/.vscode-server/data/User/workspaceStorage/0f6cc7cb30aceaf3a0fb05d99dbe484a/vscode.lock': Could not acquire lock, checking if the file is stale.
2023-06-06 22:04:48.510 [info] Lock '/home/sarahwoolsey87/.vscode-server/data/User/workspaceStorage/0f6cc7cb30aceaf3a0fb05d99dbe484a/vscode.lock': The pid 6485 appears to be gone.
2023-06-06 22:04:48.510 [info] Lock '/home/sarahwoolsey87/.vscode-server/data/User/workspaceStorage/0f6cc7cb30aceaf3a0fb05d99dbe484a/vscode.lock': Deleting a stale lock.
2023-06-06 22:04:48.890 [info] Lock '/home/sarahwoolsey87/.vscode-server/data/User/workspaceStorage/0f6cc7cb30aceaf3a0fb05d99dbe484a/vscode.lock': Lock acquired.
2023-06-06 22:04:50.592 [info] ExtensionService#_doActivateExtension vscode.emmet, startup: false, activationEvent: 'onLanguage'
2023-06-06 22:04:50.599 [info] ExtensionService#_doActivateExtension vscode.git-base, startup: false, activationEvent: 'onLanguage:git-commit'
2023-06-06 22:04:50.604 [info] ExtensionService#_doActivateExtension vscode.extension-editing, startup: false, activationEvent: 'onLanguage:markdown'
2023-06-06 22:04:50.610 [info] ExtensionService#_doActivateExtension vscode.markdown-language-features, startup: false, activationEvent: 'onLanguage:markdown'
2023-06-06 22:04:51.795 [info] ExtensionService#_doActivateExtension vscode.git, startup: true, activationEvent: '*'
2023-06-06 22:04:51.796 [info] ExtensionService#_doActivateExtension vscode.github, startup: true, activationEvent: '*'
2023-06-06 22:04:52.414 [info] Eager extensions activated
2023-06-06 22:04:52.414 [info] ExtensionService#_doActivateExtension vscode.debug-auto-launch, startup: false, activationEvent: 'onStartupFinished'
2023-06-06 22:04:52.415 [info] ExtensionService#_doActivateExtension vscode.merge-conflict, startup: false, activationEvent: 'onStartupFinished'
2023-06-06 22:04:53.163 [info] ExtensionService#_doActivateExtension GitHub.vscode-pull-request-github, startup: false, activationEvent: 'onStartupFinished'
2023-06-06 22:04:54.074 [info] ExtensionService#_doActivateExtension vscode.markdown-math, startup: false, activationEvent: 'api', root cause: vscode.markdown-language-features
2023-06-06 22:05:34.500 [info] ExtensionService#_doActivateExtension vscode.npm, startup: false, activationEvent: 'onTerminalQuickFixRequest:ms-vscode.npm-command'
2023-06-07 12:10:36.983 [info] ExtensionService#_doActivateExtension vscode.html-language-features, startup: false, activationEvent: 'onLanguage:html'
2023-06-07 13:39:18.597 [info] ExtensionService#_doActivateExtension vscode.css-language-features, startup: false, activationEvent: 'onLanguage:css'
2023-06-07 14:08:59.735 [info] ExtensionService#_doActivateExtension ms-vscode.live-server, startup: false, activationEvent: 'onCommand:livePreview.start.preview.atFile'
2023-06-07 14:40:16.029 [info] ExtensionService#_doActivateExtension vscode.grunt, startup: false, activationEvent: 'onTaskType:grunt'
2023-06-07 14:40:16.054 [info] ExtensionService#_doActivateExtension vscode.gulp, startup: false, activationEvent: 'onTaskType:gulp'
2023-06-07 14:40:16.054 [info] ExtensionService#_doActivateExtension vscode.jake, startup: false, activationEvent: 'onTaskType:jake'
2023-06-07 14:40:16.055 [info] ExtensionService#_doActivateExtension vscode.typescript-language-features, startup: false, activationEvent: 'onTaskType:typescript'
2023-06-07 14:44:20.198 [info] ExtensionService#_doActivateExtension Wscats.cors-browser, startup: false, activationEvent: 'onCommand:extension.previewInDefaultBrowser'
2023-06-07 14:44:31.272 [info] ExtensionService#_doActivateExtension vscode.json-language-features, startup: false, activationEvent: 'onLanguage:jsonc'
2023-06-07 14:57:17.723 [info] ExtensionService#_doActivateExtension profimedica.live-preview, startup: false, activationEvent: '*'
2023-06-07 16:17:29.556 [error] [vscode.emmet] provider FAILED
2023-06-07 16:17:30.049 [error] Error: Unable to find matching pair for < at char 355
	at r.error (/home/sarahwoolsey87/.vscode-server/bin/b3e4e68a0bc097f0ae7907b217c1119af9e03435/extensions/emmet/dist/node/emmetNodeMain.js:1:22545)
	at f (/home/sarahwoolsey87/.vscode-server/bin/b3e4e68a0bc097f0ae7907b217c1119af9e03435/extensions/emmet/dist/node/emmetNodeMain.js:1:21775)
	at u (/home/sarahwoolsey87/.vscode-server/bin/b3e4e68a0bc097f0ae7907b217c1119af9e03435/extensions/emmet/dist/node/emmetNodeMain.js:1:14436)
	at l (/home/sarahwoolsey87/.vscode-server/bin/b3e4e68a0bc097f0ae7907b217c1119af9e03435/extensions/emmet/dist/node/emmetNodeMain.js:1:14549)
	at /home/sarahwoolsey87/.vscode-server/bin/b3e4e68a0bc097f0ae7907b217c1119af9e03435/extensions/emmet/dist/node/emmetNodeMain.js:1:15164
	at m (/home/sarahwoolsey87/.vscode-server/bin/b3e4e68a0bc097f0ae7907b217c1119af9e03435/extensions/emmet/dist/node/emmetNodeMain.js:1:15271)
	at E (/home/sarahwoolsey87/.vscode-server/bin/b3e4e68a0bc097f0ae7907b217c1119af9e03435/extensions/emmet/dist/node/emmetNodeMain.js:1:16189)
	at I (/home/sarahwoolsey87/.vscode-server/bin/b3e4e68a0bc097f0ae7907b217c1119af9e03435/extensions/emmet/dist/node/emmetNodeMain.js:1:16599)
	at t.getRootNode (/home/sarahwoolsey87/.vscode-server/bin/b3e4e68a0bc097f0ae7907b217c1119af9e03435/extensions/emmet/dist/node/emmetNodeMain.js:1:210241)
	at t.DefaultCompletionItemProvider.b (/home/sarahwoolsey87/.vscode-server/bin/b3e4e68a0bc097f0ae7907b217c1119af9e03435/extensions/emmet/dist/node/emmetNodeMain.js:1:195341)
	at t.DefaultCompletionItemProvider.provideCompletionItems (/home/sarahwoolsey87/.vscode-server/bin/b3e4e68a0bc097f0ae7907b217c1119af9e03435/extensions/emmet/dist/node/emmetNodeMain.js:1:194279)
	at oe.provideCompletionItems (/home/sarahwoolsey87/.vscode-server/bin/b3e4e68a0bc097f0ae7907b217c1119af9e03435/out/vs/workbench/api/node/extensionHostProcess.js:101:52903)
	at /home/sarahwoolsey87/.vscode-server/bin/b3e4e68a0bc097f0ae7907b217c1119af9e03435/out/vs/workbench/api/node/extensionHostProcess.js:101:73510
	at le.s (/home/sarahwoolsey87/.vscode-server/bin/b3e4e68a0bc097f0ae7907b217c1119af9e03435/out/vs/workbench/api/node/extensionHostProcess.js:101:65165)
	at le.$provideCompletionItems (/home/sarahwoolsey87/.vscode-server/bin/b3e4e68a0bc097f0ae7907b217c1119af9e03435/out/vs/workbench/api/node/extensionHostProcess.js:101:73496)
	at a.N (/home/sarahwoolsey87/.vscode-server/bin/b3e4e68a0bc097f0ae7907b217c1119af9e03435/out/vs/workbench/api/node/extensionHostProcess.js:111:11620)
	at a.M (/home/sarahwoolsey87/.vscode-server/bin/b3e4e68a0bc097f0ae7907b217c1119af9e03435/out/vs/workbench/api/node/extensionHostProcess.js:111:11338)
	at a.H (/home/sarahwoolsey87/.vscode-server/bin/b3e4e68a0bc097f0ae7907b217c1119af9e03435/out/vs/workbench/api/node/extensionHostProcess.js:111:10393)
	at a.G (/home/sarahwoolsey87/.vscode-server/bin/b3e4e68a0bc097f0ae7907b217c1119af9e03435/out/vs/workbench/api/node/extensionHostProcess.js:111:9412)
	at /home/sarahwoolsey87/.vscode-server/bin/b3e4e68a0bc097f0ae7907b217c1119af9e03435/out/vs/workbench/api/node/extensionHostProcess.js:111:8200
	at v.invoke (/home/sarahwoolsey87/.vscode-server/bin/b3e4e68a0bc097f0ae7907b217c1119af9e03435/out/vs/workbench/api/node/extensionHostProcess.js:63:145)
	at h.deliver (/home/sarahwoolsey87/.vscode-server/bin/b3e4e68a0bc097f0ae7907b217c1119af9e03435/out/vs/workbench/api/node/extensionHostProcess.js:63:2121)
	at i.fire (/home/sarahwoolsey87/.vscode-server/bin/b3e4e68a0bc097f0ae7907b217c1119af9e03435/out/vs/workbench/api/node/extensionHostProcess.js:63:1729)
	at g.fire (/home/sarahwoolsey87/.vscode-server/bin/b3e4e68a0bc097f0ae7907b217c1119af9e03435/out/vs/workbench/api/node/extensionHostProcess.js:72:14852)
	at /home/sarahwoolsey87/.vscode-server/bin/b3e4e68a0bc097f0ae7907b217c1119af9e03435/out/vs/workbench/api/node/extensionHostProcess.js:127:32403
	at v.invoke (/home/sarahwoolsey87/.vscode-server/bin/b3e4e68a0bc097f0ae7907b217c1119af9e03435/out/vs/workbench/api/node/extensionHostProcess.js:63:145)
	at h.deliver (/home/sarahwoolsey87/.vscode-server/bin/b3e4e68a0bc097f0ae7907b217c1119af9e03435/out/vs/workbench/api/node/extensionHostProcess.js:63:2121)
	at i.fire (/home/sarahwoolsey87/.vscode-server/bin/b3e4e68a0bc097f0ae7907b217c1119af9e03435/out/vs/workbench/api/node/extensionHostProcess.js:63:1729)
	at g.fire (/home/sarahwoolsey87/.vscode-server/bin/b3e4e68a0bc097f0ae7907b217c1119af9e03435/out/vs/workbench/api/node/extensionHostProcess.js:72:14852)
	at u.E (/home/sarahwoolsey87/.vscode-server/bin/b3e4e68a0bc097f0ae7907b217c1119af9e03435/out/vs/workbench/api/node/extensionHostProcess.js:72:18899)
	at /home/sarahwoolsey87/.vscode-server/bin/b3e4e68a0bc097f0ae7907b217c1119af9e03435/out/vs/workbench/api/node/extensionHostProcess.js:72:18078
	at v.invoke (/home/sarahwoolsey87/.vscode-server/bin/b3e4e68a0bc097f0ae7907b217c1119af9e03435/out/vs/workbench/api/node/extensionHostProcess.js:63:145)
	at h.deliver (/home/sarahwoolsey87/.vscode-server/bin/b3e4e68a0bc097f0ae7907b217c1119af9e03435/out/vs/workbench/api/node/extensionHostProcess.js:63:2121)
	at i.fire (/home/sarahwoolsey87/.vscode-server/bin/b3e4e68a0bc097f0ae7907b217c1119af9e03435/out/vs/workbench/api/node/extensionHostProcess.js:63:1729)
	at d.acceptChunk (/home/sarahwoolsey87/.vscode-server/bin/b3e4e68a0bc097f0ae7907b217c1119af9e03435/out/vs/workbench/api/node/extensionHostProcess.js:72:12583)
	at /home/sarahwoolsey87/.vscode-server/bin/b3e4e68a0bc097f0ae7907b217c1119af9e03435/out/vs/workbench/api/node/extensionHostProcess.js:72:11870
	at v.invoke (/home/sarahwoolsey87/.vscode-server/bin/b3e4e68a0bc097f0ae7907b217c1119af9e03435/out/vs/workbench/api/node/extensionHostProcess.js:63:145)
	at h.deliver (/home/sarahwoolsey87/.vscode-server/bin/b3e4e68a0bc097f0ae7907b217c1119af9e03435/out/vs/workbench/api/node/extensionHostProcess.js:63:2121)
	at i.fire (/home/sarahwoolsey87/.vscode-server/bin/b3e4e68a0bc097f0ae7907b217c1119af9e03435/out/vs/workbench/api/node/extensionHostProcess.js:63:1729)
	at y.u (/home/sarahwoolsey87/.vscode-server/bin/b3e4e68a0bc097f0ae7907b217c1119af9e03435/out/vs/workbench/api/node/extensionHostProcess.js:127:20039)
	at y.acceptFrame (/home/sarahwoolsey87/.vscode-server/bin/b3e4e68a0bc097f0ae7907b217c1119af9e03435/out/vs/workbench/api/node/extensionHostProcess.js:127:19845)
	at h.l (/home/sarahwoolsey87/.vscode-server/bin/b3e4e68a0bc097f0ae7907b217c1119af9e03435/out/vs/workbench/api/node/extensionHostProcess.js:127:18438)
	at /home/sarahwoolsey87/.vscode-server/bin/b3e4e68a0bc097f0ae7907b217c1119af9e03435/out/vs/workbench/api/node/extensionHostProcess.js:127:15775
	at Socket.n (/home/sarahwoolsey87/.vscode-server/bin/b3e4e68a0bc097f0ae7907b217c1119af9e03435/out/vs/workbench/api/node/extensionHostProcess.js:127:13609)
	at Socket.emit (node:events:513:28)
	at addChunk (node:internal/streams/readable:315:12)
	at readableAddChunk (node:internal/streams/readable:289:9)
	at Socket.Readable.push (node:internal/streams/readable:228:10)
	at TCP.onStreamRead (node:internal/stream_base_commons:190:23)
2023-06-07 18:03:18.626 [info] ExtensionService#_doActivateExtension vscode.debug-server-ready, startup: false, activationEvent: 'onDebugResolve'
