0 verbose cli /home/sarahwoolsey87/.nvm/versions/node/v18.16.0/bin/node /home/sarahwoolsey87/.nvm/versions/node/v18.16.0/bin/npm
1 info using npm@9.5.1
2 info using node@v18.16.0
3 timing npm:load:whichnode Completed in 4ms
4 timing config:load:defaults Completed in 2ms
5 timing config:load:file:/home/sarahwoolsey87/.nvm/versions/node/v18.16.0/lib/node_modules/npm/npmrc Completed in 0ms
6 timing config:load:builtin Completed in 0ms
7 timing config:load:cli Completed in 3ms
8 timing config:load:env Completed in 1ms
9 timing config:load:file:/home/sarahwoolsey87/.cache/typescript/5.1/.npmrc Completed in 0ms
10 timing config:load:project Completed in 2ms
11 timing config:load:file:/home/sarahwoolsey87/.npmrc Completed in 1ms
12 timing config:load:user Completed in 1ms
13 timing config:load:file:/home/sarahwoolsey87/.nvm/versions/node/v18.16.0/etc/npmrc Completed in 0ms
14 timing config:load:global Completed in 0ms
15 timing config:load:setEnvs Completed in 2ms
16 timing config:load Completed in 12ms
17 timing npm:load:configload Completed in 12ms
18 timing npm:load:mkdirpcache Completed in 0ms
19 timing npm:load:mkdirplogs Completed in 1ms
20 verbose title npm install types-registry@latest
21 verbose argv "install" "--ignore-scripts" "types-registry@latest"
22 timing npm:load:setTitle Completed in 2ms
23 timing config:load:flatten Completed in 4ms
24 timing npm:load:display Completed in 5ms
25 verbose logfile logs-max:10 dir:/home/sarahwoolsey87/.npm/_logs/2023-06-11T23_08_12_690Z-
26 verbose logfile /home/sarahwoolsey87/.npm/_logs/2023-06-11T23_08_12_690Z-debug-0.log
27 timing npm:load:logFile Completed in 6ms
28 timing npm:load:timers Completed in 0ms
29 timing npm:load:configScope Completed in 0ms
30 timing npm:load Completed in 31ms
31 timing arborist:ctor Completed in 0ms
32 silly logfile done cleaning log files
33 timing arborist:ctor Completed in 0ms
34 timing idealTree:init Completed in 17ms
35 http fetch GET 200 https://registry.npmjs.org/types-registry 795ms (cache revalidated)
36 timing idealTree:userRequests Completed in 809ms
37 silly idealTree buildDeps
38 silly fetch manifest types-registry@0.1.648
39 silly placeDep ROOT types-registry@0.1.648 OK for:  want: 0.1.648
40 timing idealTree:#root Completed in 9ms
41 timing idealTree:node_modules/types-registry Completed in 0ms
42 timing idealTree:buildDeps Completed in 11ms
43 timing idealTree:fixDepFlags Completed in 0ms
44 timing idealTree Completed in 838ms
45 timing reify:loadTrees Completed in 840ms
46 timing reify:diffTrees Completed in 1ms
47 silly reify moves {}
48 timing reify:retireShallow Completed in 1ms
49 timing reify:createSparse Completed in 2ms
50 timing reify:loadBundles Completed in 0ms
51 silly audit bulk request { 'types-registry': [ '0.1.648' ] }
52 timing reifyNode:node_modules/types-registry Completed in 37ms
53 timing reify:unpack Completed in 37ms
54 timing reify:unretire Completed in 1ms
55 timing build:queue Completed in 1ms
56 timing build:deps Completed in 1ms
57 timing build Completed in 1ms
58 timing reify:build Completed in 1ms
59 timing reify:trash Completed in 0ms
60 timing reify:save Completed in 8ms
61 http fetch POST 200 https://registry.npmjs.org/-/npm/v1/security/advisories/bulk 211ms
62 timing auditReport:getReport Completed in 214ms
63 silly audit report {}
64 timing auditReport:init Completed in 0ms
65 timing reify:audit Completed in 215ms
66 timing reify Completed in 1067ms
67 silly ADD node_modules/types-registry
68 timing command:install Completed in 1074ms
69 verbose exit 0
70 timing npm Completed in 1121ms
71 info ok
