2023-06-08 06:19:15.955 [info] Log level: Info
2023-06-08 06:19:15.955 [info] Validating found git in: "git"
2023-06-08 06:19:15.955 [info] Using git "2.34.1" from "git"
2023-06-08 06:19:15.955 [info] > git rev-parse --show-toplevel [330ms]
2023-06-08 06:19:15.955 [info] > git rev-parse --git-dir --git-common-dir [2ms]
2023-06-08 06:19:15.955 [info] Open repository: /home/sarahwoolsey87/Reading-Notes
2023-06-08 06:19:15.955 [info] > git rev-parse --show-toplevel [420ms]
2023-06-08 06:19:15.962 [info] > git config --get commit.template [167ms]
2023-06-08 06:19:15.975 [info] > git rev-parse --show-toplevel [40ms]
2023-06-08 06:19:16.020 [info] > git rev-parse --show-toplevel [30ms]
2023-06-08 06:19:16.041 [info] > git rev-parse --show-toplevel [6ms]
2023-06-08 06:19:16.757 [info] > git check-ignore -v -z --stdin [648ms]
2023-06-08 06:19:16.762 [info] > git show --textconv :HTML-Practice/index.html [142ms]
2023-06-08 06:19:16.775 [info] > git for-each-ref --format=%(refname)%00%(upstream:short)%00%(objectname)%00%(upstream:track)%00%(upstream:remotename)%00%(upstream:remoteref) refs/heads/main refs/remotes/main [764ms]
2023-06-08 06:19:16.943 [info] > git ls-files --stage -- /home/sarahwoolsey87/Reading-Notes/HTML-Practice/index.html [305ms]
2023-06-08 06:19:16.950 [info] > git status -z -uall [141ms]
2023-06-08 06:19:17.572 [info] > git config --get commit.template [582ms]
2023-06-08 06:19:17.572 [info] > git log --format=%H%n%aN%n%aE%n%at%n%ct%n%P%n%D%n%B -z -n240 -- /home/sarahwoolsey87/Reading-Notes/HTML-Practice/index.html [658ms]
2023-06-08 06:19:18.092 [info] > git for-each-ref --format=%(refname)%00%(upstream:short)%00%(objectname)%00%(upstream:track)%00%(upstream:remotename)%00%(upstream:remoteref) refs/heads/main refs/remotes/main [3ms]
2023-06-08 06:19:18.104 [info] > git status -z -uall [5ms]
2023-06-08 06:19:18.886 [info] > git config --local branch.main.github-pr-owner-number [96ms]
2023-06-08 06:19:18.898 [info] > git config --get commit.template [2ms]
2023-06-08 06:19:18.909 [info] > git for-each-ref --format=%(refname)%00%(upstream:short)%00%(objectname)%00%(upstream:track)%00%(upstream:remotename)%00%(upstream:remoteref) refs/heads/main refs/remotes/main [2ms]
2023-06-08 06:19:18.923 [info] > git status -z -uall [7ms]
2023-06-08 09:06:09.458 [info] > git config --local branch.main.github-pr-owner-number [1ms]
2023-06-08 09:06:09.475 [info] > git config --get commit.template [7ms]
2023-06-08 09:06:09.476 [info] > git for-each-ref --format=%(refname)%00%(upstream:short)%00%(objectname)%00%(upstream:track)%00%(upstream:remotename)%00%(upstream:remoteref) refs/heads/main refs/remotes/main [3ms]
2023-06-08 09:06:09.484 [info] > git status -z -uall [2ms]
2023-06-08 09:11:09.517 [info] > git config --local branch.main.github-pr-owner-number [3ms]
2023-06-08 09:11:09.548 [info] > git config --get commit.template [15ms]
2023-06-08 09:11:09.551 [info] > git for-each-ref --format=%(refname)%00%(upstream:short)%00%(objectname)%00%(upstream:track)%00%(upstream:remotename)%00%(upstream:remoteref) refs/heads/main refs/remotes/main [5ms]
2023-06-08 09:11:09.567 [info] > git status -z -uall [4ms]
2023-06-08 09:16:09.613 [info] > git config --local branch.main.github-pr-owner-number [3ms]
2023-06-08 09:16:09.634 [info] > git config --get commit.template [6ms]
2023-06-08 09:16:09.650 [info] > git for-each-ref --format=%(refname)%00%(upstream:short)%00%(objectname)%00%(upstream:track)%00%(upstream:remotename)%00%(upstream:remoteref) refs/heads/main refs/remotes/main [3ms]
2023-06-08 09:16:09.667 [info] > git status -z -uall [5ms]
2023-06-08 11:16:53.635 [info] > git config --local branch.main.github-pr-owner-number [2ms]
2023-06-08 11:16:53.649 [info] > git config --get commit.template [6ms]
2023-06-08 11:16:53.650 [info] > git for-each-ref --format=%(refname)%00%(upstream:short)%00%(objectname)%00%(upstream:track)%00%(upstream:remotename)%00%(upstream:remoteref) refs/heads/main refs/remotes/main [2ms]
2023-06-08 11:16:53.657 [info] > git status -z -uall [2ms]
2023-06-08 11:16:59.396 [info] > git log --format=%H%n%aN%n%aE%n%at%n%ct%n%P%n%D%n%B -z -n240 -- /home/sarahwoolsey87/Reading-Notes/HTML-Practice/style.css [13ms]
2023-06-08 11:16:59.641 [info] > git show --textconv :HTML-Practice/style.css [11ms]
2023-06-08 11:16:59.642 [info] > git ls-files --stage -- /home/sarahwoolsey87/Reading-Notes/HTML-Practice/style.css [3ms]
2023-06-08 11:17:28.580 [info] > git log --format=%H%n%aN%n%aE%n%at%n%ct%n%P%n%D%n%B -z -n242 -- /home/sarahwoolsey87/Reading-Notes/HTML-Practice/index.html [3ms]
2023-06-08 11:21:53.675 [info] > git config --local branch.main.github-pr-owner-number [2ms]
2023-06-08 11:21:53.691 [info] > git config --get commit.template [7ms]
2023-06-08 11:21:53.692 [info] > git for-each-ref --format=%(refname)%00%(upstream:short)%00%(objectname)%00%(upstream:track)%00%(upstream:remotename)%00%(upstream:remoteref) refs/heads/main refs/remotes/main [2ms]
2023-06-08 11:21:53.702 [info] > git status -z -uall [2ms]
2023-06-08 11:26:53.733 [info] > git config --local branch.main.github-pr-owner-number [3ms]
2023-06-08 11:26:53.747 [info] > git config --get commit.template [2ms]
2023-06-08 11:26:53.759 [info] > git for-each-ref --format=%(refname)%00%(upstream:short)%00%(objectname)%00%(upstream:track)%00%(upstream:remotename)%00%(upstream:remoteref) refs/heads/main refs/remotes/main [4ms]
2023-06-08 11:26:53.769 [info] > git status -z -uall [3ms]
2023-06-08 11:31:53.795 [info] > git config --local branch.main.github-pr-owner-number [1ms]
2023-06-08 11:31:53.822 [info] > git config --get commit.template [11ms]
2023-06-08 11:31:53.824 [info] > git for-each-ref --format=%(refname)%00%(upstream:short)%00%(objectname)%00%(upstream:track)%00%(upstream:remotename)%00%(upstream:remoteref) refs/heads/main refs/remotes/main [3ms]
2023-06-08 11:31:53.832 [info] > git status -z -uall [1ms]
2023-06-08 11:36:53.854 [info] > git config --local branch.main.github-pr-owner-number [1ms]
2023-06-08 11:36:53.871 [info] > git config --get commit.template [8ms]
2023-06-08 11:36:53.872 [info] > git for-each-ref --format=%(refname)%00%(upstream:short)%00%(objectname)%00%(upstream:track)%00%(upstream:remotename)%00%(upstream:remoteref) refs/heads/main refs/remotes/main [2ms]
2023-06-08 11:36:53.882 [info] > git status -z -uall [3ms]
2023-06-08 11:41:53.916 [info] > git config --local branch.main.github-pr-owner-number [4ms]
2023-06-08 11:41:53.964 [info] > git config --get commit.template [18ms]
2023-06-08 11:41:53.966 [info] > git for-each-ref --format=%(refname)%00%(upstream:short)%00%(objectname)%00%(upstream:track)%00%(upstream:remotename)%00%(upstream:remoteref) refs/heads/main refs/remotes/main [6ms]
2023-06-08 11:41:53.979 [info] > git status -z -uall [3ms]
2023-06-08 11:46:54.004 [info] > git config --local branch.main.github-pr-owner-number [1ms]
2023-06-08 11:46:54.020 [info] > git config --get commit.template [7ms]
2023-06-08 11:46:54.022 [info] > git for-each-ref --format=%(refname)%00%(upstream:short)%00%(objectname)%00%(upstream:track)%00%(upstream:remotename)%00%(upstream:remoteref) refs/heads/main refs/remotes/main [4ms]
2023-06-08 11:46:54.031 [info] > git status -z -uall [3ms]
2023-06-08 11:51:54.052 [info] > git config --local branch.main.github-pr-owner-number [1ms]
2023-06-08 11:51:54.068 [info] > git config --get commit.template [7ms]
2023-06-08 11:51:54.069 [info] > git for-each-ref --format=%(refname)%00%(upstream:short)%00%(objectname)%00%(upstream:track)%00%(upstream:remotename)%00%(upstream:remoteref) refs/heads/main refs/remotes/main [3ms]
2023-06-08 11:51:54.078 [info] > git status -z -uall [3ms]
2023-06-08 11:56:54.097 [info] > git config --local branch.main.github-pr-owner-number [1ms]
2023-06-08 11:56:54.113 [info] > git config --get commit.template [7ms]
2023-06-08 11:56:54.115 [info] > git for-each-ref --format=%(refname)%00%(upstream:short)%00%(objectname)%00%(upstream:track)%00%(upstream:remotename)%00%(upstream:remoteref) refs/heads/main refs/remotes/main [2ms]
2023-06-08 11:56:54.124 [info] > git status -z -uall [3ms]
2023-06-08 12:01:54.145 [info] > git config --local branch.main.github-pr-owner-number [2ms]
2023-06-08 12:01:54.162 [info] > git config --get commit.template [8ms]
2023-06-08 12:01:54.163 [info] > git for-each-ref --format=%(refname)%00%(upstream:short)%00%(objectname)%00%(upstream:track)%00%(upstream:remotename)%00%(upstream:remoteref) refs/heads/main refs/remotes/main [2ms]
2023-06-08 12:01:54.172 [info] > git status -z -uall [3ms]
2023-06-08 12:06:54.194 [info] > git config --local branch.main.github-pr-owner-number [1ms]
2023-06-08 12:06:54.210 [info] > git config --get commit.template [7ms]
2023-06-08 12:06:54.211 [info] > git for-each-ref --format=%(refname)%00%(upstream:short)%00%(objectname)%00%(upstream:track)%00%(upstream:remotename)%00%(upstream:remoteref) refs/heads/main refs/remotes/main [2ms]
2023-06-08 12:06:54.220 [info] > git status -z -uall [3ms]
2023-06-08 12:11:54.246 [info] > git config --local branch.main.github-pr-owner-number [2ms]
2023-06-08 12:11:54.265 [info] > git config --get commit.template [7ms]
2023-06-08 12:11:54.266 [info] > git for-each-ref --format=%(refname)%00%(upstream:short)%00%(objectname)%00%(upstream:track)%00%(upstream:remotename)%00%(upstream:remoteref) refs/heads/main refs/remotes/main [3ms]
2023-06-08 12:11:54.275 [info] > git status -z -uall [2ms]
2023-06-08 12:12:43.026 [info] > git log --format=%H%n%aN%n%aE%n%at%n%ct%n%P%n%D%n%B -z -n242 -- /home/sarahwoolsey87/Reading-Notes/HTML-Practice/index.html [3ms]
2023-06-08 12:12:43.526 [info] > git config --get commit.template [8ms]
2023-06-08 12:12:43.527 [info] > git for-each-ref --format=%(refname)%00%(upstream:short)%00%(objectname)%00%(upstream:track)%00%(upstream:remotename)%00%(upstream:remoteref) refs/heads/main refs/remotes/main [2ms]
2023-06-08 12:12:43.535 [info] > git status -z -uall [2ms]
2023-06-08 12:12:43.631 [info] > git ls-files --stage -- /home/sarahwoolsey87/Reading-Notes/HTML-Practice/index.html [7ms]
2023-06-08 12:12:43.643 [info] > git cat-file -s 1b4319d36f89b3c4ff32b6aacad0e8afb4d2b6c5 [4ms]
2023-06-08 12:12:43.643 [info] > git ls-files --stage -- /home/sarahwoolsey87/Reading-Notes/HTML-Practice/style.css [14ms]
2023-06-08 12:12:43.652 [info] > git cat-file -s 897f6f533a5ccdf149101b805ef63cf4dde23369 [1ms]
2023-06-08 12:12:43.683 [info] > git show --textconv :HTML-Practice/index.html [11ms]
2023-06-08 12:12:43.683 [info] > git show --textconv :HTML-Practice/style.css [3ms]
2023-06-08 12:16:54.306 [info] > git config --local branch.main.github-pr-owner-number [1ms]
2023-06-08 12:16:54.325 [info] > git config --get commit.template [10ms]
2023-06-08 12:16:54.326 [info] > git for-each-ref --format=%(refname)%00%(upstream:short)%00%(objectname)%00%(upstream:track)%00%(upstream:remotename)%00%(upstream:remoteref) refs/heads/main refs/remotes/main [3ms]
2023-06-08 12:16:54.341 [info] > git status -z -uall [3ms]
2023-06-08 12:21:54.368 [info] > git config --local branch.main.github-pr-owner-number [1ms]
2023-06-08 12:21:54.382 [info] > git config --get commit.template [1ms]
2023-06-08 12:21:54.395 [info] > git for-each-ref --format=%(refname)%00%(upstream:short)%00%(objectname)%00%(upstream:track)%00%(upstream:remotename)%00%(upstream:remoteref) refs/heads/main refs/remotes/main [2ms]
2023-06-08 12:21:54.411 [info] > git status -z -uall [3ms]
2023-06-08 12:26:54.431 [info] > git config --local branch.main.github-pr-owner-number [2ms]
2023-06-08 12:26:54.450 [info] > git config --get commit.template [7ms]
2023-06-08 12:26:54.452 [info] > git for-each-ref --format=%(refname)%00%(upstream:short)%00%(objectname)%00%(upstream:track)%00%(upstream:remotename)%00%(upstream:remoteref) refs/heads/main refs/remotes/main [3ms]
2023-06-08 12:26:54.461 [info] > git status -z -uall [2ms]
2023-06-08 12:31:54.481 [info] > git config --local branch.main.github-pr-owner-number [1ms]
2023-06-08 12:31:54.501 [info] > git config --get commit.template [9ms]
2023-06-08 12:31:54.502 [info] > git for-each-ref --format=%(refname)%00%(upstream:short)%00%(objectname)%00%(upstream:track)%00%(upstream:remotename)%00%(upstream:remoteref) refs/heads/main refs/remotes/main [4ms]
2023-06-08 12:31:54.512 [info] > git status -z -uall [2ms]
2023-06-08 12:36:54.534 [info] > git config --local branch.main.github-pr-owner-number [2ms]
2023-06-08 12:36:54.549 [info] > git config --get commit.template [7ms]
2023-06-08 12:36:54.550 [info] > git for-each-ref --format=%(refname)%00%(upstream:short)%00%(objectname)%00%(upstream:track)%00%(upstream:remotename)%00%(upstream:remoteref) refs/heads/main refs/remotes/main [3ms]
2023-06-08 12:36:54.558 [info] > git status -z -uall [2ms]
2023-06-08 12:41:54.578 [info] > git config --local branch.main.github-pr-owner-number [1ms]
2023-06-08 12:41:54.601 [info] > git config --get commit.template [9ms]
2023-06-08 12:41:54.603 [info] > git for-each-ref --format=%(refname)%00%(upstream:short)%00%(objectname)%00%(upstream:track)%00%(upstream:remotename)%00%(upstream:remoteref) refs/heads/main refs/remotes/main [3ms]
2023-06-08 12:41:54.612 [info] > git status -z -uall [2ms]
2023-06-08 12:46:54.636 [info] > git config --local branch.main.github-pr-owner-number [2ms]
2023-06-08 12:46:54.650 [info] > git config --get commit.template [7ms]
2023-06-08 12:46:54.652 [info] > git for-each-ref --format=%(refname)%00%(upstream:short)%00%(objectname)%00%(upstream:track)%00%(upstream:remotename)%00%(upstream:remoteref) refs/heads/main refs/remotes/main [2ms]
2023-06-08 12:46:54.659 [info] > git status -z -uall [2ms]
2023-06-08 12:51:54.679 [info] > git config --local branch.main.github-pr-owner-number [2ms]
2023-06-08 12:51:54.701 [info] > git config --get commit.template [13ms]
2023-06-08 12:51:54.702 [info] > git for-each-ref --format=%(refname)%00%(upstream:short)%00%(objectname)%00%(upstream:track)%00%(upstream:remotename)%00%(upstream:remoteref) refs/heads/main refs/remotes/main [3ms]
2023-06-08 12:51:54.713 [info] > git status -z -uall [3ms]
2023-06-08 12:56:54.744 [info] > git config --local branch.main.github-pr-owner-number [3ms]
2023-06-08 12:56:54.778 [info] > git config --get commit.template [19ms]
2023-06-08 12:56:54.780 [info] > git for-each-ref --format=%(refname)%00%(upstream:short)%00%(objectname)%00%(upstream:track)%00%(upstream:remotename)%00%(upstream:remoteref) refs/heads/main refs/remotes/main [8ms]
2023-06-08 12:56:54.799 [info] > git status -z -uall [4ms]
2023-06-08 13:01:54.835 [info] > git config --local branch.main.github-pr-owner-number [2ms]
2023-06-08 13:01:54.858 [info] > git config --get commit.template [12ms]
2023-06-08 13:01:54.860 [info] > git for-each-ref --format=%(refname)%00%(upstream:short)%00%(objectname)%00%(upstream:track)%00%(upstream:remotename)%00%(upstream:remoteref) refs/heads/main refs/remotes/main [5ms]
2023-06-08 13:01:54.872 [info] > git status -z -uall [3ms]
2023-06-08 13:06:54.910 [info] > git config --local branch.main.github-pr-owner-number [5ms]
2023-06-08 13:06:54.950 [info] > git config --get commit.template [18ms]
2023-06-08 13:06:54.952 [info] > git for-each-ref --format=%(refname)%00%(upstream:short)%00%(objectname)%00%(upstream:track)%00%(upstream:remotename)%00%(upstream:remoteref) refs/heads/main refs/remotes/main [6ms]
2023-06-08 13:06:54.972 [info] > git status -z -uall [5ms]
