2023-06-08 00:19:35.361 [info] Log level: Info
2023-06-08 00:19:35.361 [info] Validating found git in: "git"
2023-06-08 00:19:35.361 [info] Using git "2.34.1" from "git"
2023-06-08 00:19:35.361 [info] > git rev-parse --show-toplevel [288ms]
2023-06-08 00:19:35.361 [info] > git rev-parse --git-dir --git-common-dir [35ms]
2023-06-08 00:19:35.361 [info] Open repository: /home/sarahwoolsey87/Reading-Notes
2023-06-08 00:19:35.495 [info] > git config --get commit.template [120ms]
2023-06-08 00:19:35.496 [info] > git rev-parse --show-toplevel [138ms]
2023-06-08 00:19:35.515 [info] > git rev-parse --git-dir --git-common-dir [12ms]
2023-06-08 00:19:35.522 [info] Open repository: /home/sarahwoolsey87/Reading-Notes/HTML-Practice
2023-06-08 00:19:35.534 [info] > git rev-parse --show-toplevel [8ms]
2023-06-08 00:19:35.541 [info] > git rev-parse --show-toplevel [3ms]
2023-06-08 00:19:35.546 [info] > git config --get commit.template [13ms]
2023-06-08 00:19:35.747 [info] > git for-each-ref --format=%(refname)%00%(upstream:short)%00%(objectname)%00%(upstream:track)%00%(upstream:remotename)%00%(upstream:remoteref) refs/heads/main refs/remotes/main [195ms]
2023-06-08 00:19:36.515 [info] > git status -z -uall [685ms]
2023-06-08 00:19:36.550 [info] > git config --get commit.template [17ms]
2023-06-08 00:19:36.556 [info] > git for-each-ref --format=%(refname)%00%(upstream:short)%00%(objectname)%00%(upstream:track)%00%(upstream:remotename)%00%(upstream:remoteref) refs/heads/main refs/remotes/main [1ms]
2023-06-08 00:19:36.565 [info] > git status -z -uall [2ms]
2023-06-08 00:19:38.791 [info] > git check-ignore -v -z --stdin [2290ms]
2023-06-08 00:19:38.793 [info] > git for-each-ref --format=%(refname)%00%(upstream:short)%00%(objectname)%00%(upstream:track)%00%(upstream:remotename)%00%(upstream:remoteref) refs/heads/main refs/remotes/main [3282ms]
2023-06-08 00:19:38.848 [info] > git show --textconv :style.css [99ms]
2023-06-08 00:19:38.848 [info] > git check-ignore -v -z --stdin [15ms]
2023-06-08 00:19:38.849 [info] > git check-ignore -v -z --stdin [5ms]
2023-06-08 00:19:38.850 [info] > git ls-files --stage -- /home/sarahwoolsey87/Reading-Notes/HTML-Practice/style.css [90ms]
2023-06-08 00:19:39.084 [info] > git status -z -uall [280ms]
2023-06-08 00:19:39.157 [info] > git config --get commit.template [40ms]
2023-06-08 00:19:39.173 [info] > git for-each-ref --format=%(refname)%00%(upstream:short)%00%(objectname)%00%(upstream:track)%00%(upstream:remotename)%00%(upstream:remoteref) refs/heads/main refs/remotes/main [4ms]
2023-06-08 00:19:39.390 [info] > git status -z -uall [206ms]
2023-06-08 00:19:40.137 [info] > git config --local branch.main.github-pr-owner-number [249ms]
2023-06-08 00:19:40.161 [info] > git config --get commit.template [5ms]
2023-06-08 00:19:40.233 [info] > git config --local branch.main.github-pr-owner-number [31ms]
2023-06-08 00:19:40.248 [info] > git for-each-ref --format=%(refname)%00%(upstream:short)%00%(objectname)%00%(upstream:track)%00%(upstream:remotename)%00%(upstream:remoteref) refs/heads/main refs/remotes/main [20ms]
2023-06-08 00:19:40.259 [info] > git config --get commit.template [12ms]
2023-06-08 00:19:40.260 [info] > git status -z -uall [3ms]
2023-06-08 00:19:40.351 [info] > git for-each-ref --format=%(refname)%00%(upstream:short)%00%(objectname)%00%(upstream:track)%00%(upstream:remotename)%00%(upstream:remoteref) refs/heads/main refs/remotes/main [27ms]
2023-06-08 00:19:40.362 [info] > git status -z -uall [2ms]
2023-06-08 00:19:40.687 [info] > git log --format=%H%n%aN%n%aE%n%at%n%ct%n%P%n%D%n%B -z -n240 -- /home/sarahwoolsey87/Reading-Notes/HTML-Practice/style.css [1899ms]
2023-06-08 00:20:46.901 [info] > git config --get commit.template [5ms]
2023-06-08 00:20:46.902 [info] > git config --get commit.template [14ms]
2023-06-08 00:20:46.920 [info] > git for-each-ref --format=%(refname)%00%(upstream:short)%00%(objectname)%00%(upstream:track)%00%(upstream:remotename)%00%(upstream:remoteref) refs/heads/main refs/remotes/main [9ms]
2023-06-08 00:20:46.931 [info] > git for-each-ref --format=%(refname)%00%(upstream:short)%00%(objectname)%00%(upstream:track)%00%(upstream:remotename)%00%(upstream:remoteref) refs/heads/main refs/remotes/main [12ms]
2023-06-08 00:20:46.940 [info] > git status -z -uall [12ms]
2023-06-08 00:20:46.947 [info] > git status -z -uall [8ms]
2023-06-08 00:23:12.782 [info] > git log --format=%H%n%aN%n%aE%n%at%n%ct%n%P%n%D%n%B -z -n240 -- /home/sarahwoolsey87/Reading-Notes/HTML-Practice/style.css [4ms]
2023-06-08 00:23:12.783 [info] fatal: your current branch 'main' does not have any commits yet
2023-06-08 00:23:13.286 [info] > git config --get commit.template [15ms]
2023-06-08 00:23:13.287 [info] > git for-each-ref --format=%(refname)%00%(upstream:short)%00%(objectname)%00%(upstream:track)%00%(upstream:remotename)%00%(upstream:remoteref) refs/heads/main refs/remotes/main [3ms]
2023-06-08 00:23:13.301 [info] > git status -z -uall [4ms]
2023-06-08 00:23:13.380 [info] > git ls-files --stage -- /home/sarahwoolsey87/Reading-Notes/HTML-Practice/style.css [4ms]
2023-06-08 00:23:13.414 [info] > git show --textconv :style.css [12ms]
2023-06-08 00:23:36.430 [info] > git config --get commit.template [4ms]
2023-06-08 00:23:36.447 [info] > git for-each-ref --format=%(refname)%00%(upstream:short)%00%(objectname)%00%(upstream:track)%00%(upstream:remotename)%00%(upstream:remoteref) refs/heads/main refs/remotes/main [5ms]
2023-06-08 00:23:36.460 [info] > git status -z -uall [3ms]
2023-06-08 00:23:36.540 [info] > git ls-files --stage -- /home/sarahwoolsey87/Reading-Notes/HTML-Practice/style.css [3ms]
2023-06-08 00:23:36.589 [info] > git show --textconv :style.css [4ms]
2023-06-08 00:23:41.883 [info] > git config --get commit.template [2ms]
2023-06-08 00:23:41.891 [info] > git for-each-ref --format=%(refname)%00%(upstream:short)%00%(objectname)%00%(upstream:track)%00%(upstream:remotename)%00%(upstream:remoteref) refs/heads/main refs/remotes/main [1ms]
2023-06-08 00:23:41.900 [info] > git status -z -uall [2ms]
2023-06-08 00:23:41.989 [info] > git ls-files --stage -- /home/sarahwoolsey87/Reading-Notes/HTML-Practice/style.css [1ms]
2023-06-08 00:23:42.020 [info] > git show --textconv :style.css [5ms]
2023-06-08 00:24:39.172 [info] > git config --local branch.main.github-pr-owner-number [2ms]
2023-06-08 00:24:39.175 [info] > git config --local branch.main.github-pr-owner-number [22ms]
2023-06-08 00:24:39.202 [info] > git config --get commit.template [14ms]
2023-06-08 00:24:39.204 [info] > git config --get commit.template [6ms]
2023-06-08 00:24:39.230 [info] > git for-each-ref --format=%(refname)%00%(upstream:short)%00%(objectname)%00%(upstream:track)%00%(upstream:remotename)%00%(upstream:remoteref) refs/heads/main refs/remotes/main [15ms]
2023-06-08 00:24:39.242 [info] > git for-each-ref --format=%(refname)%00%(upstream:short)%00%(objectname)%00%(upstream:track)%00%(upstream:remotename)%00%(upstream:remoteref) refs/heads/main refs/remotes/main [14ms]
2023-06-08 00:24:39.254 [info] > git status -z -uall [14ms]
2023-06-08 00:24:39.262 [info] > git status -z -uall [10ms]
2023-06-08 00:24:58.837 [info] > git config --get commit.template [13ms]
2023-06-08 00:24:58.839 [info] > git for-each-ref --format=%(refname)%00%(upstream:short)%00%(objectname)%00%(upstream:track)%00%(upstream:remotename)%00%(upstream:remoteref) refs/heads/main refs/remotes/main [3ms]
2023-06-08 00:24:58.852 [info] > git status -z -uall [3ms]
2023-06-08 00:24:58.937 [info] > git ls-files --stage -- /home/sarahwoolsey87/Reading-Notes/HTML-Practice/style.css [4ms]
2023-06-08 00:24:58.982 [info] > git show --textconv :style.css [3ms]
2023-06-08 00:26:56.451 [info] > git check-ignore -v -z --stdin [2ms]
2023-06-08 00:27:12.509 [info] > git add -A -- . [7ms]
2023-06-08 00:27:12.510 [info] error: 'HTML-Practice/' does not have a commit checked out
fatal: adding files failed
2023-06-08 00:27:12.530 [info] > git config --get commit.template [10ms]
2023-06-08 00:27:12.531 [info] > git for-each-ref --format=%(refname)%00%(upstream:short)%00%(objectname)%00%(upstream:track)%00%(upstream:remotename)%00%(upstream:remoteref) refs/heads/main refs/remotes/main [2ms]
2023-06-08 00:27:12.542 [info] > git status -z -uall [5ms]
2023-06-08 00:27:26.044 [info] > git add -A -- . [103ms]
2023-06-08 00:27:26.713 [info] > git show --textconv :.git/COMMIT_EDITMSG [16ms]
2023-06-08 00:27:26.714 [info] > git ls-files --stage -- /home/sarahwoolsey87/Reading-Notes/HTML-Practice/.git/COMMIT_EDITMSG [7ms]
2023-06-08 00:27:27.035 [info] > git check-ignore -v -z --stdin [1ms]
2023-06-08 00:27:27.393 [info] > git ls-files --stage -- /home/sarahwoolsey87/Reading-Notes/HTML-Practice/style.css [17ms]
2023-06-08 00:27:27.411 [info] > git ls-files --stage -- /home/sarahwoolsey87/Reading-Notes/HTML-Practice/.git/COMMIT_EDITMSG [21ms]
2023-06-08 00:27:27.415 [info] > git cat-file -s 897f6f533a5ccdf149101b805ef63cf4dde23369 [8ms]
2023-06-08 00:27:27.459 [info] > git show --textconv :.git/COMMIT_EDITMSG [20ms]
2023-06-08 00:27:27.461 [info] > git show --textconv :style.css [9ms]
2023-06-08 00:27:35.670 [info] > git add -A -- . [4ms]
2023-06-08 00:27:35.670 [info] error: 'HTML-Practice/' does not have a commit checked out
fatal: adding files failed
2023-06-08 00:27:35.700 [info] > git config --get commit.template [13ms]
2023-06-08 00:27:35.702 [info] > git for-each-ref --format=%(refname)%00%(upstream:short)%00%(objectname)%00%(upstream:track)%00%(upstream:remotename)%00%(upstream:remoteref) refs/heads/main refs/remotes/main [2ms]
2023-06-08 00:27:35.720 [info] > git status -z -uall [2ms]
2023-06-08 00:28:55.947 [info] > git -c user.useConfigOnly=true commit --quiet [89895ms]
2023-06-08 00:28:55.947 [info] Aborting commit due to empty commit message.
2023-06-08 00:28:55.966 [info] > git config --get commit.template [2ms]
2023-06-08 00:28:55.981 [info] > git for-each-ref --format=%(refname)%00%(upstream:short)%00%(objectname)%00%(upstream:track)%00%(upstream:remotename)%00%(upstream:remoteref) refs/heads/main refs/remotes/main [3ms]
2023-06-08 00:28:55.992 [info] > git status -z -uall [4ms]
2023-06-08 00:29:03.337 [info] > git show --textconv :.git/COMMIT_EDITMSG [10ms]
2023-06-08 00:29:03.341 [info] > git ls-files --stage -- /home/sarahwoolsey87/Reading-Notes/HTML-Practice/.git/COMMIT_EDITMSG [7ms]
2023-06-08 00:29:04.082 [info] > git ls-files --stage -- /home/sarahwoolsey87/Reading-Notes/HTML-Practice/style.css [16ms]
2023-06-08 00:29:04.100 [info] > git ls-files --stage -- /home/sarahwoolsey87/Reading-Notes/HTML-Practice/.git/COMMIT_EDITMSG [22ms]
2023-06-08 00:29:04.104 [info] > git cat-file -s 897f6f533a5ccdf149101b805ef63cf4dde23369 [6ms]
2023-06-08 00:29:04.222 [info] > git show --textconv :.git/COMMIT_EDITMSG [14ms]
2023-06-08 00:29:04.226 [info] > git show --textconv :style.css [7ms]
2023-06-08 00:29:12.328 [info] > git log --format=%H%n%aN%n%aE%n%at%n%ct%n%P%n%D%n%B -z -n240 -- /home/sarahwoolsey87/Reading-Notes/HTML-Practice/.git/COMMIT_EDITMSG [2ms]
2023-06-08 00:29:12.328 [info] fatal: your current branch 'main' does not have any commits yet
2023-06-08 00:29:39.288 [info] > git config --local branch.main.github-pr-owner-number [14ms]
2023-06-08 00:29:39.302 [info] > git config --local branch.main.github-pr-owner-number [16ms]
2023-06-08 00:29:39.319 [info] > git config --get commit.template [18ms]
2023-06-08 00:29:39.335 [info] > git config --get commit.template [18ms]
2023-06-08 00:29:39.342 [info] > git for-each-ref --format=%(refname)%00%(upstream:short)%00%(objectname)%00%(upstream:track)%00%(upstream:remotename)%00%(upstream:remoteref) refs/heads/main refs/remotes/main [11ms]
2023-06-08 00:29:39.349 [info] > git for-each-ref --format=%(refname)%00%(upstream:short)%00%(objectname)%00%(upstream:track)%00%(upstream:remotename)%00%(upstream:remoteref) refs/heads/main refs/remotes/main [8ms]
2023-06-08 00:29:39.356 [info] > git status -z -uall [8ms]
2023-06-08 00:29:39.363 [info] > git status -z -uall [8ms]
2023-06-08 00:29:56.854 [info] > git check-ignore -v -z --stdin [2ms]
2023-06-08 00:33:41.620 [info] > git config --get commit.template [3ms]
2023-06-08 00:33:41.634 [info] > git for-each-ref --format=%(refname)%00%(upstream:short)%00%(objectname)%00%(upstream:track)%00%(upstream:remotename)%00%(upstream:remoteref) refs/heads/main refs/remotes/main [3ms]
2023-06-08 00:33:41.653 [info] > git status -z -uall [3ms]
2023-06-08 00:33:41.732 [info] > git ls-files --stage -- /home/sarahwoolsey87/Reading-Notes/HTML-Practice/style.css [9ms]
2023-06-08 00:33:41.741 [info] > git ls-files --stage -- /home/sarahwoolsey87/Reading-Notes/HTML-Practice/.git/COMMIT_EDITMSG [11ms]
2023-06-08 00:33:41.743 [info] > git cat-file -s 897f6f533a5ccdf149101b805ef63cf4dde23369 [4ms]
2023-06-08 00:33:41.769 [info] > git show --textconv :.git/COMMIT_EDITMSG [14ms]
2023-06-08 00:33:41.770 [info] > git show --textconv :style.css [6ms]
2023-06-08 00:34:39.387 [info] > git config --local branch.main.github-pr-owner-number [15ms]
2023-06-08 00:34:39.405 [info] > git config --local branch.main.github-pr-owner-number [19ms]
2023-06-08 00:34:39.420 [info] > git config --get commit.template [17ms]
2023-06-08 00:34:39.422 [info] > git config --get commit.template [4ms]
2023-06-08 00:34:39.447 [info] > git for-each-ref --format=%(refname)%00%(upstream:short)%00%(objectname)%00%(upstream:track)%00%(upstream:remotename)%00%(upstream:remoteref) refs/heads/main refs/remotes/main [16ms]
2023-06-08 00:34:39.459 [info] > git for-each-ref --format=%(refname)%00%(upstream:short)%00%(objectname)%00%(upstream:track)%00%(upstream:remotename)%00%(upstream:remoteref) refs/heads/main refs/remotes/main [15ms]
2023-06-08 00:34:39.473 [info] > git status -z -uall [16ms]
2023-06-08 00:34:39.484 [info] > git status -z -uall [13ms]
2023-06-08 00:37:50.131 [info] > git log --format=%H%n%aN%n%aE%n%at%n%ct%n%P%n%D%n%B -z -n240 -- /home/sarahwoolsey87/Reading-Notes/HTML-Practice/style.css [3ms]
2023-06-08 00:37:50.200 [info] > git -c user.useConfigOnly=true commit --quiet [527458ms]
2023-06-08 00:37:50.200 [info] fatal: could not read commit message: No such file or directory
2023-06-08 00:37:50.213 [info] > git config --get-all user.name [2ms]
2023-06-08 00:37:50.224 [info] > git config --get-all user.email [3ms]
2023-06-08 00:37:50.231 [warning] ENOENT: no such file or directory, open '/home/sarahwoolsey87/Reading-Notes/HTML-Practice/.git/HEAD'
2023-06-08 00:37:50.241 [warning] getRemotes() - ENOENT: no such file or directory, open '/home/sarahwoolsey87/Reading-Notes/HTML-Practice/.git/config'
2023-06-08 00:37:50.252 [info] > git config --get commit.template [4ms]
2023-06-08 00:37:50.253 [info] > git remote --verbose [12ms]
2023-06-08 00:37:50.253 [info] > git symbolic-ref --short HEAD [23ms]
2023-06-08 00:37:50.278 [info] > git for-each-ref --format=%(refname)%00%(upstream:short)%00%(objectname)%00%(upstream:track)%00%(upstream:remotename)%00%(upstream:remoteref) refs/heads/main refs/remotes/main [2ms]
2023-06-08 00:37:50.303 [info] > git status -z -uall [3ms]
2023-06-08 00:37:51.005 [info] > git config --local branch.main.github-pr-owner-number [89ms]
2023-06-08 00:37:51.012 [warning] ENOENT: no such file or directory, open '/home/sarahwoolsey87/Reading-Notes/HTML-Practice/.git/HEAD'
2023-06-08 00:37:51.017 [warning] getRemotes() - ENOENT: no such file or directory, open '/home/sarahwoolsey87/Reading-Notes/HTML-Practice/.git/config'
2023-06-08 00:37:51.024 [info] > git remote --verbose [7ms]
2023-06-08 00:37:51.024 [info] > git symbolic-ref --short HEAD [12ms]
2023-06-08 00:37:51.030 [info] > git config --get commit.template [8ms]
2023-06-08 00:37:51.031 [info] > git for-each-ref --format=%(refname)%00%(upstream:short)%00%(objectname)%00%(upstream:track)%00%(upstream:remotename)%00%(upstream:remoteref) refs/heads/main refs/remotes/main [2ms]
2023-06-08 00:37:51.039 [info] > git status -z -uall [1ms]
2023-06-08 00:37:58.958 [info] > git log --format=%H%n%aN%n%aE%n%at%n%ct%n%P%n%D%n%B -z -n240 -- /home/sarahwoolsey87/Reading-Notes/HTML-Practice/index.html [8ms]
2023-06-08 00:37:59.145 [info] > git show --textconv :index.html [12ms]
2023-06-08 00:37:59.148 [info] > git ls-files --stage -- /home/sarahwoolsey87/Reading-Notes/HTML-Practice/index.html [3ms]
