2023-06-06 18:39:45.621 [info] Log level: Info
2023-06-06 18:39:45.621 [info] Validating found git in: "git"
2023-06-06 18:39:45.621 [info] Using git "2.34.1" from "git"
2023-06-06 18:39:45.621 [info] > git rev-parse --show-toplevel [56ms]
2023-06-06 18:39:45.621 [info] > git rev-parse --git-dir --git-common-dir [1ms]
2023-06-06 18:39:45.621 [info] Open repository: /home/sarahwoolsey87
2023-06-06 18:39:45.621 [info] > git rev-parse --show-toplevel [8ms]
2023-06-06 18:39:45.621 [info] > git config --get commit.template [7ms]
2023-06-06 18:39:45.621 [info] > git rev-parse --show-toplevel [3ms]
2023-06-06 18:39:45.621 [info] No remotes found in the git config file.
2023-06-06 18:39:45.622 [info] > git rev-parse --show-toplevel [7ms]
2023-06-06 18:39:45.622 [info] > git rev-parse --git-dir --git-common-dir [1ms]
2023-06-06 18:39:45.622 [info] Open repository: /home/sarahwoolsey87/.nvm
2023-06-06 18:39:45.622 [info] > git rev-parse --show-toplevel [8ms]
2023-06-06 18:39:45.622 [info] > git config --get commit.template [8ms]
2023-06-06 18:39:45.622 [info] > git rev-parse --git-dir --git-common-dir [11ms]
2023-06-06 18:39:45.622 [info] Open repository: /home/sarahwoolsey87/.oh-my-zsh
2023-06-06 18:39:45.622 [info] > git rev-parse --show-toplevel [8ms]
2023-06-06 18:39:45.622 [info] > git config --get commit.template [9ms]
2023-06-06 18:39:45.622 [info] > git rev-parse --show-toplevel [2ms]
2023-06-06 18:39:45.622 [info] > git rev-parse --show-toplevel [8ms]
2023-06-06 18:39:45.622 [info] > git rev-parse --git-dir --git-common-dir [1ms]
2023-06-06 18:39:45.622 [info] Open repository: /home/sarahwoolsey87/Reading-Notes
2023-06-06 18:39:45.622 [info] > git config --get commit.template [2ms]
2023-06-06 18:39:45.622 [info] > git rev-parse --show-toplevel [13ms]
2023-06-06 18:39:45.622 [info] > git rev-parse --show-toplevel [8ms]
2023-06-06 18:39:45.622 [info] > git for-each-ref --format=%(refname)%00%(upstream:short)%00%(objectname)%00%(upstream:track)%00%(upstream:remotename)%00%(upstream:remoteref) refs/heads/master refs/remotes/master [374ms]
2023-06-06 18:39:45.622 [info] > git check-ignore -v -z --stdin [136ms]
2023-06-06 18:39:45.622 [info] > git for-each-ref --format=%(refname)%00%(upstream:short)%00%(objectname)%00%(upstream:track)%00%(upstream:remotename)%00%(upstream:remoteref) refs/heads/main refs/remotes/main [1890ms]
2023-06-06 18:39:45.622 [info] > git check-ignore -v -z --stdin [809ms]
2023-06-06 18:39:45.622 [info] > git for-each-ref --format=%(refname)%00%(upstream:short)%00%(objectname)%00%(upstream:track)%00%(upstream:remotename)%00%(upstream:remoteref) refs/heads/master refs/remotes/master [1993ms]
2023-06-06 18:39:45.622 [info] > git check-ignore -v -z --stdin [747ms]
2023-06-06 18:39:45.684 [info] > git check-ignore -v -z --stdin [936ms]
2023-06-06 18:39:45.802 [info] > git for-each-ref --format %(refname) %(objectname) %(*objectname) refs/tags [2266ms]
2023-06-06 18:39:45.911 [info] > git status -z -uall [378ms]
2023-06-06 18:39:45.936 [info] > git config --get commit.template [6ms]
2023-06-06 18:39:45.936 [info] > git for-each-ref --format=%(refname)%00%(upstream:short)%00%(objectname)%00%(upstream:track)%00%(upstream:remotename)%00%(upstream:remoteref) refs/heads/main refs/remotes/main [2ms]
2023-06-06 18:39:45.944 [info] > git status -z -uall [2ms]
2023-06-06 18:39:49.402 [info] > git status -z -uall [3595ms]
2023-06-06 18:39:49.468 [info] > git config --get commit.template [30ms]
2023-06-06 18:39:49.498 [info] > git for-each-ref --format %(refname) %(objectname) %(*objectname) refs/tags [2ms]
2023-06-06 18:39:49.536 [info] > git status -z -uall [17ms]
2023-06-06 18:39:55.135 [info] > git status -z -uall [9559ms]
2023-06-06 18:39:55.154 [info] > git config --get commit.template [3ms]
2023-06-06 18:39:55.162 [info] > git for-each-ref --format=%(refname)%00%(upstream:short)%00%(objectname)%00%(upstream:track)%00%(upstream:remotename)%00%(upstream:remoteref) refs/heads/master refs/remotes/master [2ms]
2023-06-06 18:39:55.170 [info] > git status -z -uall [11294ms]
2023-06-06 18:39:55.243 [info] > git status -z -uall [76ms]
2023-06-06 18:39:55.249 [info] > git config --get commit.template [7ms]
2023-06-06 18:39:55.254 [info] No remotes found in the git config file.
2023-06-06 18:39:55.256 [info] > git for-each-ref --format=%(refname)%00%(upstream:short)%00%(objectname)%00%(upstream:track)%00%(upstream:remotename)%00%(upstream:remoteref) refs/heads/master refs/remotes/master [2ms]
2023-06-06 18:39:55.729 [info] > git status -z -uall [468ms]
2023-06-06 18:39:59.730 [info] No remotes found in the git config file.
2023-06-06 18:39:59.744 [info] > git config --get commit.template [15ms]
2023-06-06 18:39:59.746 [info] > git for-each-ref --format=%(refname)%00%(upstream:short)%00%(objectname)%00%(upstream:track)%00%(upstream:remotename)%00%(upstream:remoteref) refs/heads/master refs/remotes/master [10ms]
2023-06-06 18:39:59.838 [info] > git status -z -uall [85ms]
2023-06-06 18:40:04.879 [info] > git config --get commit.template [2ms]
2023-06-06 18:40:04.885 [info] No remotes found in the git config file.
2023-06-06 18:40:04.886 [info] > git for-each-ref --format=%(refname)%00%(upstream:short)%00%(objectname)%00%(upstream:track)%00%(upstream:remotename)%00%(upstream:remoteref) refs/heads/master refs/remotes/master [1ms]
2023-06-06 18:40:04.967 [info] > git status -z -uall [74ms]
2023-06-06 18:40:10.001 [info] > git config --get commit.template [1ms]
2023-06-06 18:40:10.007 [info] No remotes found in the git config file.
2023-06-06 18:40:10.009 [info] > git for-each-ref --format=%(refname)%00%(upstream:short)%00%(objectname)%00%(upstream:track)%00%(upstream:remotename)%00%(upstream:remoteref) refs/heads/master refs/remotes/master [3ms]
2023-06-06 18:40:10.105 [info] > git status -z -uall [89ms]
2023-06-06 18:40:15.142 [info] > git config --get commit.template [3ms]
2023-06-06 18:40:15.152 [info] No remotes found in the git config file.
2023-06-06 18:40:15.153 [info] > git for-each-ref --format=%(refname)%00%(upstream:short)%00%(objectname)%00%(upstream:track)%00%(upstream:remotename)%00%(upstream:remoteref) refs/heads/master refs/remotes/master [1ms]
2023-06-06 18:40:15.239 [info] > git status -z -uall [72ms]
2023-06-06 18:40:20.282 [info] No remotes found in the git config file.
2023-06-06 18:40:20.283 [info] > git config --get commit.template [7ms]
2023-06-06 18:40:20.283 [info] > git for-each-ref --format=%(refname)%00%(upstream:short)%00%(objectname)%00%(upstream:track)%00%(upstream:remotename)%00%(upstream:remoteref) refs/heads/master refs/remotes/master [2ms]
2023-06-06 18:40:20.352 [info] > git status -z -uall [63ms]
2023-06-06 18:40:25.391 [info] No remotes found in the git config file.
2023-06-06 18:40:25.391 [info] > git config --get commit.template [8ms]
2023-06-06 18:40:25.392 [info] > git for-each-ref --format=%(refname)%00%(upstream:short)%00%(objectname)%00%(upstream:track)%00%(upstream:remotename)%00%(upstream:remoteref) refs/heads/master refs/remotes/master [2ms]
2023-06-06 18:40:25.457 [info] > git status -z -uall [60ms]
2023-06-06 18:40:30.510 [info] No remotes found in the git config file.
2023-06-06 18:40:30.511 [info] > git config --get commit.template [8ms]
2023-06-06 18:40:30.511 [info] > git for-each-ref --format=%(refname)%00%(upstream:short)%00%(objectname)%00%(upstream:track)%00%(upstream:remotename)%00%(upstream:remoteref) refs/heads/master refs/remotes/master [1ms]
2023-06-06 18:40:30.577 [info] > git status -z -uall [59ms]
2023-06-06 18:40:35.631 [info] > git config --get commit.template [1ms]
2023-06-06 18:40:35.637 [info] No remotes found in the git config file.
2023-06-06 18:40:35.638 [info] > git for-each-ref --format=%(refname)%00%(upstream:short)%00%(objectname)%00%(upstream:track)%00%(upstream:remotename)%00%(upstream:remoteref) refs/heads/master refs/remotes/master [1ms]
2023-06-06 18:40:35.723 [info] > git status -z -uall [79ms]
2023-06-06 18:40:40.761 [info] > git config --get commit.template [2ms]
2023-06-06 18:40:40.769 [info] No remotes found in the git config file.
2023-06-06 18:40:40.783 [info] > git for-each-ref --format=%(refname)%00%(upstream:short)%00%(objectname)%00%(upstream:track)%00%(upstream:remotename)%00%(upstream:remoteref) refs/heads/master refs/remotes/master [14ms]
2023-06-06 18:40:40.856 [info] > git status -z -uall [65ms]
2023-06-06 18:40:45.886 [info] > git config --get commit.template [2ms]
2023-06-06 18:40:45.893 [info] No remotes found in the git config file.
2023-06-06 18:40:45.894 [info] > git for-each-ref --format=%(refname)%00%(upstream:short)%00%(objectname)%00%(upstream:track)%00%(upstream:remotename)%00%(upstream:remoteref) refs/heads/master refs/remotes/master [2ms]
2023-06-06 18:40:45.959 [info] > git status -z -uall [60ms]
2023-06-06 18:40:50.998 [info] No remotes found in the git config file.
2023-06-06 18:40:50.998 [info] > git config --get commit.template [7ms]
2023-06-06 18:40:50.998 [info] > git for-each-ref --format=%(refname)%00%(upstream:short)%00%(objectname)%00%(upstream:track)%00%(upstream:remotename)%00%(upstream:remoteref) refs/heads/master refs/remotes/master [1ms]
2023-06-06 18:40:51.065 [info] > git status -z -uall [61ms]
2023-06-06 18:40:56.121 [info] > git config --get commit.template [3ms]
2023-06-06 18:40:56.127 [info] No remotes found in the git config file.
2023-06-06 18:40:56.129 [info] > git for-each-ref --format=%(refname)%00%(upstream:short)%00%(objectname)%00%(upstream:track)%00%(upstream:remotename)%00%(upstream:remoteref) refs/heads/master refs/remotes/master [3ms]
2023-06-06 18:40:56.215 [info] > git status -z -uall [61ms]
2023-06-06 18:41:01.258 [info] No remotes found in the git config file.
2023-06-06 18:41:01.259 [info] > git config --get commit.template [7ms]
2023-06-06 18:41:01.260 [info] > git for-each-ref --format=%(refname)%00%(upstream:short)%00%(objectname)%00%(upstream:track)%00%(upstream:remotename)%00%(upstream:remoteref) refs/heads/master refs/remotes/master [1ms]
2023-06-06 18:41:01.324 [info] > git status -z -uall [59ms]
2023-06-06 18:41:06.360 [info] No remotes found in the git config file.
2023-06-06 18:41:06.361 [info] > git config --get commit.template [7ms]
2023-06-06 18:41:06.361 [info] > git for-each-ref --format=%(refname)%00%(upstream:short)%00%(objectname)%00%(upstream:track)%00%(upstream:remotename)%00%(upstream:remoteref) refs/heads/master refs/remotes/master [1ms]
2023-06-06 18:41:06.431 [info] > git status -z -uall [65ms]
2023-06-06 18:41:11.478 [info] No remotes found in the git config file.
2023-06-06 18:41:11.478 [info] > git config --get commit.template [7ms]
2023-06-06 18:41:11.479 [info] > git for-each-ref --format=%(refname)%00%(upstream:short)%00%(objectname)%00%(upstream:track)%00%(upstream:remotename)%00%(upstream:remoteref) refs/heads/master refs/remotes/master [2ms]
2023-06-06 18:41:11.544 [info] > git status -z -uall [59ms]
2023-06-06 18:41:16.593 [info] > git config --get commit.template [3ms]
2023-06-06 18:41:16.605 [info] No remotes found in the git config file.
2023-06-06 18:41:16.606 [info] > git for-each-ref --format=%(refname)%00%(upstream:short)%00%(objectname)%00%(upstream:track)%00%(upstream:remotename)%00%(upstream:remoteref) refs/heads/master refs/remotes/master [1ms]
2023-06-06 18:41:16.683 [info] > git status -z -uall [70ms]
2023-06-06 18:41:21.716 [info] > git config --get commit.template [2ms]
2023-06-06 18:41:21.738 [info] No remotes found in the git config file.
2023-06-06 18:41:21.745 [info] > git for-each-ref --format=%(refname)%00%(upstream:short)%00%(objectname)%00%(upstream:track)%00%(upstream:remotename)%00%(upstream:remoteref) refs/heads/master refs/remotes/master [7ms]
2023-06-06 18:41:21.818 [info] > git status -z -uall [65ms]
2023-06-06 18:41:26.853 [info] > git config --get commit.template [3ms]
2023-06-06 18:41:26.861 [info] No remotes found in the git config file.
2023-06-06 18:41:26.862 [info] > git for-each-ref --format=%(refname)%00%(upstream:short)%00%(objectname)%00%(upstream:track)%00%(upstream:remotename)%00%(upstream:remoteref) refs/heads/master refs/remotes/master [2ms]
2023-06-06 18:41:26.942 [info] > git status -z -uall [65ms]
2023-06-06 18:41:31.973 [info] > git config --get commit.template [2ms]
2023-06-06 18:41:31.987 [info] No remotes found in the git config file.
2023-06-06 18:41:31.989 [info] > git for-each-ref --format=%(refname)%00%(upstream:short)%00%(objectname)%00%(upstream:track)%00%(upstream:remotename)%00%(upstream:remoteref) refs/heads/master refs/remotes/master [3ms]
2023-06-06 18:41:32.069 [info] > git status -z -uall [73ms]
2023-06-06 18:41:37.113 [info] > git config --get commit.template [5ms]
2023-06-06 18:41:37.125 [info] No remotes found in the git config file.
2023-06-06 18:41:37.126 [info] > git for-each-ref --format=%(refname)%00%(upstream:short)%00%(objectname)%00%(upstream:track)%00%(upstream:remotename)%00%(upstream:remoteref) refs/heads/master refs/remotes/master [1ms]
2023-06-06 18:41:37.217 [info] > git status -z -uall [82ms]
2023-06-06 18:41:42.263 [info] > git config --get commit.template [7ms]
2023-06-06 18:41:42.273 [info] No remotes found in the git config file.
2023-06-06 18:41:42.281 [info] > git for-each-ref --format=%(refname)%00%(upstream:short)%00%(objectname)%00%(upstream:track)%00%(upstream:remotename)%00%(upstream:remoteref) refs/heads/master refs/remotes/master [8ms]
2023-06-06 18:41:42.352 [info] > git status -z -uall [62ms]
2023-06-06 18:41:47.388 [info] > git config --get commit.template [5ms]
2023-06-06 18:41:47.417 [info] No remotes found in the git config file.
2023-06-06 18:41:47.424 [info] > git for-each-ref --format=%(refname)%00%(upstream:short)%00%(objectname)%00%(upstream:track)%00%(upstream:remotename)%00%(upstream:remoteref) refs/heads/master refs/remotes/master [8ms]
2023-06-06 18:41:47.494 [info] > git status -z -uall [63ms]
2023-06-06 18:41:52.535 [info] > git config --get commit.template [6ms]
2023-06-06 18:41:52.536 [info] No remotes found in the git config file.
2023-06-06 18:41:52.536 [info] > git for-each-ref --format=%(refname)%00%(upstream:short)%00%(objectname)%00%(upstream:track)%00%(upstream:remotename)%00%(upstream:remoteref) refs/heads/master refs/remotes/master [1ms]
2023-06-06 18:41:52.620 [info] > git status -z -uall [79ms]
2023-06-06 18:41:57.675 [info] > git config --get commit.template [3ms]
2023-06-06 18:41:57.684 [info] No remotes found in the git config file.
2023-06-06 18:41:57.687 [info] > git for-each-ref --format=%(refname)%00%(upstream:short)%00%(objectname)%00%(upstream:track)%00%(upstream:remotename)%00%(upstream:remoteref) refs/heads/master refs/remotes/master [4ms]
2023-06-06 18:41:57.767 [info] > git status -z -uall [72ms]
2023-06-06 18:42:02.796 [info] > git config --get commit.template [3ms]
2023-06-06 18:42:02.804 [info] No remotes found in the git config file.
2023-06-06 18:42:02.823 [info] > git for-each-ref --format=%(refname)%00%(upstream:short)%00%(objectname)%00%(upstream:track)%00%(upstream:remotename)%00%(upstream:remoteref) refs/heads/master refs/remotes/master [19ms]
2023-06-06 18:42:02.895 [info] > git status -z -uall [64ms]
2023-06-06 18:42:07.930 [info] > git config --get commit.template [3ms]
2023-06-06 18:42:07.940 [info] No remotes found in the git config file.
2023-06-06 18:42:07.942 [info] > git for-each-ref --format=%(refname)%00%(upstream:short)%00%(objectname)%00%(upstream:track)%00%(upstream:remotename)%00%(upstream:remoteref) refs/heads/master refs/remotes/master [2ms]
2023-06-06 18:42:08.038 [info] > git status -z -uall [88ms]
2023-06-06 18:42:13.070 [info] > git config --get commit.template [2ms]
2023-06-06 18:42:13.079 [info] No remotes found in the git config file.
2023-06-06 18:42:13.081 [info] > git for-each-ref --format=%(refname)%00%(upstream:short)%00%(objectname)%00%(upstream:track)%00%(upstream:remotename)%00%(upstream:remoteref) refs/heads/master refs/remotes/master [5ms]
2023-06-06 18:42:13.166 [info] > git status -z -uall [77ms]
2023-06-06 18:42:18.204 [info] > git config --get commit.template [3ms]
2023-06-06 18:42:18.223 [info] No remotes found in the git config file.
2023-06-06 18:42:18.231 [info] > git for-each-ref --format=%(refname)%00%(upstream:short)%00%(objectname)%00%(upstream:track)%00%(upstream:remotename)%00%(upstream:remoteref) refs/heads/master refs/remotes/master [7ms]
2023-06-06 18:42:18.301 [info] > git status -z -uall [63ms]
2023-06-06 18:42:23.332 [info] > git config --get commit.template [2ms]
2023-06-06 18:42:23.339 [info] No remotes found in the git config file.
2023-06-06 18:42:23.339 [info] > git for-each-ref --format=%(refname)%00%(upstream:short)%00%(objectname)%00%(upstream:track)%00%(upstream:remotename)%00%(upstream:remoteref) refs/heads/master refs/remotes/master [1ms]
2023-06-06 18:42:23.408 [info] > git status -z -uall [63ms]
2023-06-06 18:42:28.442 [info] > git config --get commit.template [2ms]
2023-06-06 18:42:28.465 [info] No remotes found in the git config file.
2023-06-06 18:42:28.473 [info] > git for-each-ref --format=%(refname)%00%(upstream:short)%00%(objectname)%00%(upstream:track)%00%(upstream:remotename)%00%(upstream:remoteref) refs/heads/master refs/remotes/master [7ms]
2023-06-06 18:42:28.543 [info] > git status -z -uall [62ms]
2023-06-06 18:42:33.574 [info] > git config --get commit.template [2ms]
2023-06-06 18:42:33.583 [info] No remotes found in the git config file.
2023-06-06 18:42:33.587 [info] > git for-each-ref --format=%(refname)%00%(upstream:short)%00%(objectname)%00%(upstream:track)%00%(upstream:remotename)%00%(upstream:remoteref) refs/heads/master refs/remotes/master [5ms]
2023-06-06 18:42:33.675 [info] > git status -z -uall [81ms]
2023-06-06 18:42:38.718 [info] > git config --get commit.template [4ms]
2023-06-06 18:42:38.724 [info] No remotes found in the git config file.
2023-06-06 18:42:38.725 [info] > git for-each-ref --format=%(refname)%00%(upstream:short)%00%(objectname)%00%(upstream:track)%00%(upstream:remotename)%00%(upstream:remoteref) refs/heads/master refs/remotes/master [1ms]
2023-06-06 18:42:38.790 [info] > git status -z -uall [60ms]
2023-06-06 18:42:43.818 [info] > git config --get commit.template [2ms]
2023-06-06 18:42:43.825 [info] No remotes found in the git config file.
2023-06-06 18:42:43.826 [info] > git for-each-ref --format=%(refname)%00%(upstream:short)%00%(objectname)%00%(upstream:track)%00%(upstream:remotename)%00%(upstream:remoteref) refs/heads/master refs/remotes/master [1ms]
2023-06-06 18:42:43.893 [info] > git status -z -uall [61ms]
2023-06-06 18:42:48.923 [info] > git config --get commit.template [2ms]
2023-06-06 18:42:48.929 [info] No remotes found in the git config file.
2023-06-06 18:42:48.930 [info] > git for-each-ref --format=%(refname)%00%(upstream:short)%00%(objectname)%00%(upstream:track)%00%(upstream:remotename)%00%(upstream:remoteref) refs/heads/master refs/remotes/master [1ms]
2023-06-06 18:42:48.994 [info] > git status -z -uall [59ms]
2023-06-06 18:42:54.038 [info] > git config --get commit.template [6ms]
2023-06-06 18:42:54.039 [info] No remotes found in the git config file.
2023-06-06 18:42:54.039 [info] > git for-each-ref --format=%(refname)%00%(upstream:short)%00%(objectname)%00%(upstream:track)%00%(upstream:remotename)%00%(upstream:remoteref) refs/heads/master refs/remotes/master [1ms]
2023-06-06 18:42:54.109 [info] > git status -z -uall [64ms]
2023-06-06 18:42:59.154 [info] > git config --get commit.template [1ms]
2023-06-06 18:42:59.160 [info] No remotes found in the git config file.
2023-06-06 18:42:59.161 [info] > git for-each-ref --format=%(refname)%00%(upstream:short)%00%(objectname)%00%(upstream:track)%00%(upstream:remotename)%00%(upstream:remoteref) refs/heads/master refs/remotes/master [1ms]
2023-06-06 18:42:59.226 [info] > git status -z -uall [60ms]
2023-06-06 18:43:04.270 [info] > git config --get commit.template [6ms]
2023-06-06 18:43:04.270 [info] No remotes found in the git config file.
2023-06-06 18:43:04.270 [info] > git for-each-ref --format=%(refname)%00%(upstream:short)%00%(objectname)%00%(upstream:track)%00%(upstream:remotename)%00%(upstream:remoteref) refs/heads/master refs/remotes/master [1ms]
2023-06-06 18:43:04.336 [info] > git status -z -uall [60ms]
2023-06-06 18:43:09.375 [info] > git config --get commit.template [8ms]
2023-06-06 18:43:09.376 [info] No remotes found in the git config file.
2023-06-06 18:43:09.376 [info] > git for-each-ref --format=%(refname)%00%(upstream:short)%00%(objectname)%00%(upstream:track)%00%(upstream:remotename)%00%(upstream:remoteref) refs/heads/master refs/remotes/master [2ms]
2023-06-06 18:43:09.457 [info] > git status -z -uall [75ms]
2023-06-06 18:43:14.490 [info] > git config --get commit.template [3ms]
2023-06-06 18:43:14.496 [info] No remotes found in the git config file.
2023-06-06 18:43:14.497 [info] > git for-each-ref --format=%(refname)%00%(upstream:short)%00%(objectname)%00%(upstream:track)%00%(upstream:remotename)%00%(upstream:remoteref) refs/heads/master refs/remotes/master [1ms]
2023-06-06 18:43:14.564 [info] > git status -z -uall [61ms]
2023-06-06 18:43:19.605 [info] > git config --get commit.template [8ms]
2023-06-06 18:43:19.606 [info] No remotes found in the git config file.
2023-06-06 18:43:19.606 [info] > git for-each-ref --format=%(refname)%00%(upstream:short)%00%(objectname)%00%(upstream:track)%00%(upstream:remotename)%00%(upstream:remoteref) refs/heads/master refs/remotes/master [2ms]
2023-06-06 18:43:19.676 [info] > git status -z -uall [62ms]
2023-06-06 18:43:24.714 [info] No remotes found in the git config file.
2023-06-06 18:43:24.715 [info] > git config --get commit.template [9ms]
2023-06-06 18:43:24.715 [info] > git for-each-ref --format=%(refname)%00%(upstream:short)%00%(objectname)%00%(upstream:track)%00%(upstream:remotename)%00%(upstream:remoteref) refs/heads/master refs/remotes/master [1ms]
2023-06-06 18:43:24.786 [info] > git status -z -uall [66ms]
2023-06-06 18:43:29.840 [info] > git config --get commit.template [3ms]
2023-06-06 18:43:29.847 [info] No remotes found in the git config file.
2023-06-06 18:43:29.848 [info] > git for-each-ref --format=%(refname)%00%(upstream:short)%00%(objectname)%00%(upstream:track)%00%(upstream:remotename)%00%(upstream:remoteref) refs/heads/master refs/remotes/master [2ms]
2023-06-06 18:43:29.919 [info] > git status -z -uall [65ms]
2023-06-06 18:43:34.956 [info] No remotes found in the git config file.
2023-06-06 18:43:34.957 [info] > git config --get commit.template [7ms]
2023-06-06 18:43:34.957 [info] > git for-each-ref --format=%(refname)%00%(upstream:short)%00%(objectname)%00%(upstream:track)%00%(upstream:remotename)%00%(upstream:remoteref) refs/heads/master refs/remotes/master [2ms]
2023-06-06 18:43:35.022 [info] > git status -z -uall [60ms]
2023-06-06 18:43:40.081 [info] > git config --get commit.template [10ms]
2023-06-06 18:43:40.089 [info] No remotes found in the git config file.
2023-06-06 18:43:40.092 [info] > git for-each-ref --format=%(refname)%00%(upstream:short)%00%(objectname)%00%(upstream:track)%00%(upstream:remotename)%00%(upstream:remoteref) refs/heads/master refs/remotes/master [4ms]
2023-06-06 18:43:40.163 [info] > git status -z -uall [64ms]
2023-06-06 18:43:45.194 [info] > git config --get commit.template [2ms]
2023-06-06 18:43:45.200 [info] No remotes found in the git config file.
2023-06-06 18:43:45.201 [info] > git for-each-ref --format=%(refname)%00%(upstream:short)%00%(objectname)%00%(upstream:track)%00%(upstream:remotename)%00%(upstream:remoteref) refs/heads/master refs/remotes/master [2ms]
2023-06-06 18:43:45.271 [info] > git status -z -uall [64ms]
2023-06-06 18:43:50.309 [info] No remotes found in the git config file.
2023-06-06 18:43:50.310 [info] > git config --get commit.template [8ms]
2023-06-06 18:43:50.310 [info] > git for-each-ref --format=%(refname)%00%(upstream:short)%00%(objectname)%00%(upstream:track)%00%(upstream:remotename)%00%(upstream:remoteref) refs/heads/master refs/remotes/master [1ms]
2023-06-06 18:43:50.377 [info] > git status -z -uall [61ms]
2023-06-06 18:43:55.425 [info] > git config --get commit.template [2ms]
2023-06-06 18:43:55.431 [info] No remotes found in the git config file.
2023-06-06 18:43:55.432 [info] > git for-each-ref --format=%(refname)%00%(upstream:short)%00%(objectname)%00%(upstream:track)%00%(upstream:remotename)%00%(upstream:remoteref) refs/heads/master refs/remotes/master [2ms]
2023-06-06 18:43:55.524 [info] > git status -z -uall [86ms]
2023-06-06 18:44:00.850 [info] > git config --get commit.template [2ms]
2023-06-06 18:44:00.857 [info] No remotes found in the git config file.
2023-06-06 18:44:00.862 [info] > git for-each-ref --format=%(refname)%00%(upstream:short)%00%(objectname)%00%(upstream:track)%00%(upstream:remotename)%00%(upstream:remoteref) refs/heads/master refs/remotes/master [4ms]
2023-06-06 18:44:00.955 [info] > git status -z -uall [85ms]
2023-06-06 18:44:05.993 [info] No remotes found in the git config file.
2023-06-06 18:44:05.994 [info] > git config --get commit.template [9ms]
2023-06-06 18:44:05.995 [info] > git for-each-ref --format=%(refname)%00%(upstream:short)%00%(objectname)%00%(upstream:track)%00%(upstream:remotename)%00%(upstream:remoteref) refs/heads/master refs/remotes/master [2ms]
2023-06-06 18:44:06.074 [info] > git status -z -uall [73ms]
2023-06-06 18:44:11.116 [info] No remotes found in the git config file.
2023-06-06 18:44:11.116 [info] > git config --get commit.template [8ms]
2023-06-06 18:44:11.117 [info] > git for-each-ref --format=%(refname)%00%(upstream:short)%00%(objectname)%00%(upstream:track)%00%(upstream:remotename)%00%(upstream:remoteref) refs/heads/master refs/remotes/master [2ms]
2023-06-06 18:44:11.186 [info] > git status -z -uall [63ms]
2023-06-06 18:44:16.239 [info] > git config --get commit.template [3ms]
2023-06-06 18:44:16.240 [info] No remotes found in the git config file.
2023-06-06 18:44:16.248 [info] > git for-each-ref --format=%(refname)%00%(upstream:short)%00%(objectname)%00%(upstream:track)%00%(upstream:remotename)%00%(upstream:remoteref) refs/heads/master refs/remotes/master [1ms]
2023-06-06 18:44:16.322 [info] > git status -z -uall [65ms]
2023-06-06 18:44:41.589 [info] > git config --get commit.template [8ms]
2023-06-06 18:44:41.590 [info] > git config --get commit.template [3ms]
2023-06-06 18:44:41.595 [info] No remotes found in the git config file.
2023-06-06 18:44:41.601 [info] > git for-each-ref --format=%(refname)%00%(upstream:short)%00%(objectname)%00%(upstream:track)%00%(upstream:remotename)%00%(upstream:remoteref) refs/heads/master refs/remotes/master [6ms]
2023-06-06 18:44:41.609 [info] > git for-each-ref --format=%(refname)%00%(upstream:short)%00%(objectname)%00%(upstream:track)%00%(upstream:remotename)%00%(upstream:remoteref) refs/heads/master refs/remotes/master [8ms]
2023-06-06 18:44:41.624 [info] > git status -z -uall [9ms]
2023-06-06 18:44:41.646 [info] > git status -z -uall [39ms]
2023-06-06 18:44:44.837 [info] > git check-ignore -v -z --stdin [2ms]
2023-06-06 18:44:46.713 [info] No remotes found in the git config file.
2023-06-06 18:44:46.714 [info] > git config --get commit.template [10ms]
2023-06-06 18:44:46.715 [info] > git for-each-ref --format=%(refname)%00%(upstream:short)%00%(objectname)%00%(upstream:track)%00%(upstream:remotename)%00%(upstream:remoteref) refs/heads/master refs/remotes/master [3ms]
2023-06-06 18:44:46.764 [info] > git status -z -uall [42ms]
2023-06-06 18:44:51.812 [info] No remotes found in the git config file.
2023-06-06 18:44:51.813 [info] > git config --get commit.template [9ms]
2023-06-06 18:44:51.813 [info] > git for-each-ref --format=%(refname)%00%(upstream:short)%00%(objectname)%00%(upstream:track)%00%(upstream:remotename)%00%(upstream:remoteref) refs/heads/master refs/remotes/master [2ms]
2023-06-06 18:44:51.862 [info] > git status -z -uall [42ms]
2023-06-06 18:44:54.870 [info] > git config --get commit.template [2ms]
2023-06-06 18:44:54.879 [info] > git for-each-ref --format=%(refname)%00%(upstream:short)%00%(objectname)%00%(upstream:track)%00%(upstream:remotename)%00%(upstream:remoteref) refs/heads/master refs/remotes/master [1ms]
2023-06-06 18:44:54.898 [info] > git status -z -uall [13ms]
2023-06-06 18:44:56.910 [info] No remotes found in the git config file.
2023-06-06 18:44:56.911 [info] > git config --get commit.template [8ms]
2023-06-06 18:44:56.912 [info] > git for-each-ref --format=%(refname)%00%(upstream:short)%00%(objectname)%00%(upstream:track)%00%(upstream:remotename)%00%(upstream:remoteref) refs/heads/master refs/remotes/master [2ms]
2023-06-06 18:44:56.959 [info] > git status -z -uall [38ms]
2023-06-06 18:45:02.001 [info] > git config --get commit.template [1ms]
2023-06-06 18:45:02.012 [info] No remotes found in the git config file.
2023-06-06 18:45:02.013 [info] > git for-each-ref --format=%(refname)%00%(upstream:short)%00%(objectname)%00%(upstream:track)%00%(upstream:remotename)%00%(upstream:remoteref) refs/heads/master refs/remotes/master [1ms]
2023-06-06 18:45:02.068 [info] > git status -z -uall [44ms]
2023-06-06 18:45:07.111 [info] No remotes found in the git config file.
2023-06-06 18:45:07.119 [info] > git config --get commit.template [9ms]
2023-06-06 18:45:07.119 [info] > git for-each-ref --format=%(refname)%00%(upstream:short)%00%(objectname)%00%(upstream:track)%00%(upstream:remotename)%00%(upstream:remoteref) refs/heads/master refs/remotes/master [1ms]
2023-06-06 18:45:07.163 [info] > git status -z -uall [36ms]
