2023-06-11 23:51:59.844 [info] Extension host with pid 140076 started
2023-06-11 23:52:00.179 [info] ExtensionService#_doActivateExtension vscode.git-base, startup: true, activationEvent: '*', root cause: vscode.git
2023-06-11 23:52:00.182 [info] ExtensionService#_doActivateExtension oderwat.indent-rainbow, startup: true, activationEvent: '*'
2023-06-11 23:52:00.183 [info] ExtensionService#_doActivateExtension profimedica.live-preview, startup: true, activationEvent: '*'
2023-06-11 23:52:00.232 [info] Lock '/home/sarahwoolsey87/.vscode-server/data/User/workspaceStorage/0f6cc7cb30aceaf3a0fb05d99dbe484a/vscode.lock': Lock acquired.
2023-06-11 23:52:00.505 [info] ExtensionService#_doActivateExtension vscode.git, startup: true, activationEvent: '*'
2023-06-11 23:52:00.507 [info] ExtensionService#_doActivateExtension vscode.github, startup: true, activationEvent: '*'
2023-06-11 23:52:01.015 [info] Eager extensions activated
2023-06-11 23:52:01.016 [info] ExtensionService#_doActivateExtension vscode.debug-auto-launch, startup: false, activationEvent: 'onStartupFinished'
2023-06-11 23:52:01.027 [info] ExtensionService#_doActivateExtension vscode.merge-conflict, startup: false, activationEvent: 'onStartupFinished'
2023-06-11 23:52:01.029 [info] ExtensionService#_doActivateExtension dbaeumer.vscode-eslint, startup: false, activationEvent: 'onStartupFinished'
2023-06-11 23:52:01.030 [info] ExtensionService#_doActivateExtension esbenp.prettier-vscode, startup: false, activationEvent: 'onStartupFinished'
2023-06-11 23:52:01.031 [info] ExtensionService#_doActivateExtension ritwickdey.LiveServer, startup: false, activationEvent: 'onStartupFinished'
2023-06-11 23:52:02.027 [info] ExtensionService#_doActivateExtension GitHub.vscode-pull-request-github, startup: false, activationEvent: 'onStartupFinished'
2023-06-11 23:52:21.077 [info] ExtensionService#_doActivateExtension vscode.emmet, startup: false, activationEvent: 'onLanguage'
2023-06-11 23:52:23.219 [info] ExtensionService#_doActivateExtension vscode.extension-editing, startup: false, activationEvent: 'onLanguage:markdown'
2023-06-11 23:52:23.220 [info] ExtensionService#_doActivateExtension vscode.markdown-language-features, startup: false, activationEvent: 'onLanguage:markdown'
2023-06-11 23:52:24.175 [info] ExtensionService#_doActivateExtension vscode.markdown-math, startup: false, activationEvent: 'api', root cause: vscode.markdown-language-features
2023-06-11 23:52:29.350 [info] ExtensionService#_doActivateExtension vscode.css-language-features, startup: false, activationEvent: 'onLanguage:css'
2023-06-11 23:58:57.470 [info] ExtensionService#_doActivateExtension vscode.html-language-features, startup: false, activationEvent: 'onLanguage:html'
2023-06-11 23:58:57.471 [info] ExtensionService#_doActivateExtension kostasx.live-html-previewer-v2, startup: false, activationEvent: 'onLanguage:html'
2023-06-12 00:01:41.549 [info] ExtensionService#_doActivateExtension ecmel.vscode-html-css, startup: false, activationEvent: '*'
2023-06-12 00:08:04.955 [info] ExtensionService#_doActivateExtension vscode.typescript-language-features, startup: false, activationEvent: 'onLanguage:javascript'
2023-06-12 00:33:24.405 [error] [ecmel.vscode-html-css] provider FAILED
2023-06-12 00:33:24.405 [error] undefined
2023-06-12 00:34:58.294 [info] ExtensionService#_doActivateExtension koppt.vscode-view-in-browser, startup: false, activationEvent: 'onCommand:extension.viewInBrowser'
2023-06-12 00:35:08.356 [info] ExtensionService#_doActivateExtension Wscats.cors-browser, startup: false, activationEvent: 'onCommand:extension.previewInDefaultBrowser'
2023-06-12 09:30:22.314 [info] ExtensionService#_doActivateExtension vscode.npm, startup: false, activationEvent: 'onTerminalQuickFixRequest:ms-vscode.npm-command'
2023-06-12 10:35:23.131 [info] ExtensionService#_doActivateExtension vscode.json-language-features, startup: false, activationEvent: 'onLanguage:jsonc'
2023-06-12 11:17:41.698 [error] [ecmel.vscode-html-css] provider FAILED
2023-06-12 11:17:41.698 [error] undefined
2023-06-12 11:17:43.218 [error] [ecmel.vscode-html-css] provider FAILED
2023-06-12 11:17:43.218 [error] undefined
2023-06-12 11:19:06.003 [error] [ecmel.vscode-html-css] provider FAILED
2023-06-12 11:19:06.003 [error] undefined
2023-06-12 11:19:10.961 [error] [ecmel.vscode-html-css] provider FAILED
2023-06-12 11:19:10.961 [error] undefined
2023-06-12 11:19:13.612 [error] [ecmel.vscode-html-css] provider FAILED
2023-06-12 11:19:13.612 [error] undefined
2023-06-12 11:19:20.254 [error] [ecmel.vscode-html-css] provider FAILED
2023-06-12 11:19:20.254 [error] undefined
2023-06-12 11:19:49.523 [error] [ecmel.vscode-html-css] provider FAILED
2023-06-12 11:19:49.523 [error] undefined
2023-06-12 11:19:50.723 [error] [ecmel.vscode-html-css] provider FAILED
2023-06-12 11:19:50.723 [error] undefined
2023-06-12 11:20:09.444 [info] ExtensionService#_doActivateExtension ms-vscode.live-server, startup: false, activationEvent: 'onCommand:livePreview.start.preview.atFile'
